11.37.44 - Connected to B Thundr2|
               - Minimum logged gap: 50 ms|
               - TX Volts per cell: 4.04|
               - Time since boot: 0 minutes and 3 seconds|
               - RX: 1|
11.38.10 - Bank 4|
11.38.11 - Bank 1|
11.38.12 - Bank 2|
11.38.14 - Bank 3|
11.38.17 - Bank 2|
               - Bank 1|
11.40.26 - Disconnected from B Thundr2|
               - Time connected: 2 minutes and 41 seconds|
               - Motor was on for 0 minutes and 0 seconds|
               - Receiver type: TRX:2 PWM:8|
               - RX swaps: 1|
               - RX1 use: 2 minutes and 39 seconds|
               - RX2 use: 0 minutes and 0 seconds|
               - Longest gap: 6 ms|
               - Average gap: 5 ms|
               - Average frame rate: 501 fps|
               - Unacknowledged data packets:  6|
               - TX Volts per cell: 4.05|
               - Time since boot: 2 minutes and 45 seconds|
               - (End of this flight log.)|
11.40.51 - Connected to B Thundr2|
               - Minimum logged gap: 50 ms|
               - TX Volts per cell: 4.05|
               - Time since boot: 3 minutes and 10 seconds|
               - RX: 2|
11.41.52 - Disconnected from B Thundr2|
               - Time connected: 1 minute and 0 second|
               - Motor was on for 0 minutes and 0 seconds|
               - Receiver type: TRX:2 PWM:8|
               - RX swaps: 0|
               - RX1 use: 0 minutes and 0 seconds|
               - RX2 use: 0 minutes and 59 seconds|
               - Longest gap: 15 ms|
               - Average gap: 7 ms|
               - Average frame rate: 495 fps|
               - Unacknowledged data packets:  29|
               - TX Volts per cell: 4.05|
               - Time since boot: 4 minutes and 11 seconds|
               - (End of this flight log.)|
11.41.53 - Connected to B Thundr2|
               - Minimum logged gap: 50 ms|
               - TX Volts per cell: 4.05|
               - Time since boot: 4 minutes and 12 seconds|
               - RX: 1|
11.46.15 - Disconnected from B Thundr2|
               - Time connected: 4 minutes and 22 seconds|
               - Motor was on for 0 minutes and 0 seconds|
               - Receiver type: TRX:2 PWM:8|
               - RX swaps: 1|
               - RX1 use: 4 minutes and 19 seconds|
               - RX2 use: 0 minutes and 0 seconds|
               - Longest gap: 0 ms|
               - Average gap: 0 ms|
               - Average frame rate: 498 fps|
               - Unacknowledged data packets:  0|
               - TX Volts per cell: 4.05|
               - Time since boot: 8 minutes and 34 seconds|
               - (End of this flight log.)|
11.46.21 - Connected to B Thundr2|
               - Minimum logged gap: 50 ms|
               - TX Volts per cell: 4.05|
               - Time since boot: 8 minutes and 40 seconds|
               - RX: 2|
11.46.24 - Disconnected from B Thundr2|
               - Time connected: 0 minutes and 3 seconds|
               - Motor was on for 0 minutes and 0 seconds|
               - Receiver type: TRX:2 PWM:8|
               - RX swaps: 0|
               - RX1 use: 0 minutes and 0 seconds|
               - RX2 use: 0 minutes and 1 seconds|
               - Longest gap: 7928 ms|
               - Average gap: 1991 ms|
               - Average frame rate: 491 fps|
               - Unacknowledged data packets:  1333|
               - TX Volts per cell: 4.04|
               - Time since boot: 8 minutes and 43 seconds|
               - (End of this flight log.)|
11.46.25 - Connected to B Thundr2|
               - Minimum logged gap: 50 ms|
               - TX Volts per cell: 4.05|
               - Time since boot: 8 minutes and 43 seconds|
               - RX: 2|
11.46.26 - Gap: 119|
11.46.49 - Disconnected from B Thundr2|
               - Time connected: 0 minutes and 24 seconds|
               - Motor was on for 0 minutes and 0 seconds|
               - Receiver type: TRX:2 PWM:8|
               - RX swaps: 0|
               - RX1 use: 0 minutes and 0 seconds|
               - RX2 use: 0 minutes and 23 seconds|
               - Longest gap: 5 ms|
               - Average gap: 5 ms|
               - Average frame rate: 453 fps|
               - Unacknowledged data packets:  1|
               - TX Volts per cell: 4.04|
               - Time since boot: 9 minutes and 8 seconds|
               - (End of this flight log.)|
11.46.50 - Connected to B Thundr2|
               - Minimum logged gap: 50 ms|
               - TX Volts per cell: 4.04|
               - Time since boot: 9 minutes and 9 seconds|
               - RX: 2|
11.48.03 - Disconnected from B Thundr2|
               - Time connected: 1 minute and 12 seconds|
               - Motor was on for 0 minutes and 0 seconds|
               - Receiver type: TRX:2 PWM:8|
               - RX swaps: 0|
               - RX1 use: 0 minutes and 0 seconds|
               - RX2 use: 1 minutes and 11 seconds|
               - Longest gap: 7 ms|
               - Average gap: 6 ms|
               - Average frame rate: 486 fps|
               - Unacknowledged data packets:  3|
               - TX Volts per cell: 4.05|
               - Time since boot: 10 minutes and 21 seconds|
               - (End of this flight log.)|
               - Connected to B Thundr2|
               - Minimum logged gap: 50 ms|
               - TX Volts per cell: 4.05|
               - Time since boot: 10 minutes and 22 seconds|
               - RX: 2|
11.48.08 - RX: 1|
11.53.35 - Disconnected from B Thundr2|
               - Time connected: 5 minutes and 31 seconds|
               - Motor was on for 0 minutes and 0 seconds|
               - Receiver type: TRX:2 PWM:8|
               - RX swaps: 1|
               - RX1 use: 5 minutes and 24 seconds|
               - RX2 use: 0 minutes and 6 seconds|
               - Longest gap: 2 ms|
               - Average gap: 2 ms|
               - Average frame rate: 496 fps|
               - Unacknowledged data packets:  1|
               - TX Volts per cell: 4.05|
               - Time since boot: 15 minutes and 53 seconds|
               - (End of this flight log.)|
               - Connected to B Thundr2|
               - Minimum logged gap: 50 ms|
               - TX Volts per cell: 4.05|
               - Time since boot: 15 minutes and 54 seconds|
               - RX: 2|
11.56.12 - Disconnected from B Thundr2|
               - Time connected: 2 minutes and 36 seconds|
               - Motor was on for 0 minutes and 0 seconds|
               - Receiver type: TRX:2 PWM:8|
               - RX swaps: 0|
               - RX1 use: 0 minutes and 0 seconds|
               - RX2 use: 2 minutes and 35 seconds|
               - Longest gap: 0 ms|
               - Average gap: 0 ms|
               - Average frame rate: 495 fps|
               - Unacknowledged data packets:  0|
               - TX Volts per cell: 4.04|
               - Time since boot: 18 minutes and 31 seconds|
               - (End of this flight log.)|
11.56.13 - Connected to B Thundr2|
               - Minimum logged gap: 50 ms|
               - TX Volts per cell: 4.04|
               - Time since boot: 18 minutes and 31 seconds|
               - RX: 2|
11.56.14 - Gap: 130|
12.00.30 - Disconnected from B Thundr2|
               - Time connected: 4 minutes and 17 seconds|
               - Motor was on for 0 minutes and 0 seconds|
               - Receiver type: TRX:2 PWM:8|
               - RX swaps: 0|
               - RX1 use: 0 minutes and 0 seconds|
               - RX2 use: 4 minutes and 16 seconds|
               - Longest gap: 0 ms|
               - Average gap: 0 ms|
               - Average frame rate: 498 fps|
               - Unacknowledged data packets:  0|
               - TX Volts per cell: 4.05|
               - Time since boot: 22 minutes and 49 seconds|
               - (End of this flight log.)|
12.00.31 - Connected to B Thundr2|
               - Minimum logged gap: 50 ms|
               - TX Volts per cell: 4.05|
               - Time since boot: 22 minutes and 50 seconds|
               - RX: 2|
12.01.49 - Disconnected from B Thundr2|
               - Time connected: 1 minute and 18 seconds|
               - Motor was on for 0 minutes and 0 seconds|
               - Receiver type: TRX:2 PWM:8|
               - RX swaps: 0|
               - RX1 use: 0 minutes and 0 seconds|
               - RX2 use: 1 minutes and 17 seconds|
               - Longest gap: 0 ms|
               - Average gap: 0 ms|
               - Average frame rate: 493 fps|
               - Unacknowledged data packets:  0|
               - TX Volts per cell: 4.05|
               - Time since boot: 24 minutes and 8 seconds|
               - (End of this flight log.)|
12.01.50 - Connected to B Thundr2|
               - Minimum logged gap: 50 ms|
               - TX Volts per cell: 4.05|
               - Time since boot: 24 minutes and 9 seconds|
               - RX: 2|
12.02.55 - Disconnected from B Thundr2|
               - Time connected: 1 minute and 5 seconds|
               - Motor was on for 0 minutes and 0 seconds|
               - Receiver type: TRX:2 PWM:8|
               - RX swaps: 0|
               - RX1 use: 0 minutes and 0 seconds|
               - RX2 use: 1 minutes and 4 seconds|
               - Longest gap: 0 ms|
               - Average gap: 0 ms|
               - Average frame rate: 490 fps|
               - Unacknowledged data packets:  0|
               - TX Volts per cell: 4.04|
               - Time since boot: 25 minutes and 14 seconds|
               - (End of this flight log.)|
12.02.56 - Connected to B Thundr2|
               - Minimum logged gap: 50 ms|
               - TX Volts per cell: 4.05|
               - Time since boot: 25 minutes and 15 seconds|
               - RX: 2|
12.03.19 - Disconnected from B Thundr2|
               - Time connected: 0 minutes and 23 seconds|
               - Motor was on for 0 minutes and 0 seconds|
               - Receiver type: TRX:2 PWM:8|
               - RX swaps: 0|
               - RX1 use: 0 minutes and 0 seconds|
               - RX2 use: 0 minutes and 22 seconds|
               - Longest gap: 0 ms|
               - Average gap: 0 ms|
               - Average frame rate: 463 fps|
               - Unacknowledged data packets:  0|
               - TX Volts per cell: 4.05|
               - Time since boot: 25 minutes and 38 seconds|
               - (End of this flight log.)|
12.03.20 - Connected to B Thundr2|
               - Minimum logged gap: 50 ms|
               - TX Volts per cell: 4.05|
               - Time since boot: 25 minutes and 38 seconds|
               - RX: 2|
12.03.23 - RX: 1|
12.03.44 - Connected to B Thundr2|
               - Minimum logged gap: 50 ms|
               - TX Volts per cell: 4.04|
               - Time since boot: 0 minutes and 3 seconds|
               - RX: 1|
12.03.45 - Gap: 141|
12.04.11 - Disconnected from B Thundr2|
               - Time connected: 0 minutes and 26 seconds|
               - Motor was on for 0 minutes and 0 seconds|
               - Receiver type: TRX:2 PWM:8|
               - RX swaps: 1|
               - RX1 use: 0 minutes and 24 seconds|
               - RX2 use: 0 minutes and 0 seconds|
               - Longest gap: 0 ms|
               - Average gap: 0 ms|
               - Average frame rate: 496 fps|
               - Unacknowledged data packets:  0|
               - TX Volts per cell: 4.03|
               - Time since boot: 0 minutes and 30 seconds|
               - (End of this flight log.)|
               - Connected to B Thundr2|
               - Minimum logged gap: 50 ms|
               - TX Volts per cell: 4.04|
               - Time since boot: 0 minutes and 31 seconds|
               - RX: 2|
12.04.35 - Disconnected from B Thundr2|
               - Time connected: 0 minutes and 23 seconds|
               - Motor was on for 0 minutes and 0 seconds|
               - Receiver type: TRX:2 PWM:8|
               - RX swaps: 0|
               - RX1 use: 0 minutes and 0 seconds|
               - RX2 use: 0 minutes and 22 seconds|
               - Longest gap: 0 ms|
               - Average gap: 0 ms|
               - Average frame rate: 451 fps|
               - Unacknowledged data packets:  0|
               - TX Volts per cell: 4.03|
               - Time since boot: 0 minutes and 54 seconds|
               - (End of this flight log.)|
12.04.36 - Connected to B Thundr2|
               - Minimum logged gap: 50 ms|
               - TX Volts per cell: 4.03|
               - Time since boot: 0 minutes and 55 seconds|
               - RX: 2|
12.04.37 - Gap: 122|
12.05.11 - Disconnected from B Thundr2|
               - Time connected: 0 minutes and 35 seconds|
               - Motor was on for 0 minutes and 0 seconds|
               - Receiver type: TRX:2 PWM:8|
               - RX swaps: 0|
               - RX1 use: 0 minutes and 0 seconds|
               - RX2 use: 0 minutes and 34 seconds|
               - Longest gap: 0 ms|
               - Average gap: 0 ms|
               - Average frame rate: 488 fps|
               - Unacknowledged data packets:  0|
               - TX Volts per cell: 4.03|
               - Time since boot: 1 minute and 30 seconds|
               - (End of this flight log.)|
               - Connected to B Thundr2|
               - Minimum logged gap: 50 ms|
               - TX Volts per cell: 4.04|
               - Time since boot: 1 minute and 31 seconds|
12.05.12 - RX: 2|
12.06.16 - Disconnected from B Thundr2|
               - Time connected: 1 minute and 4 seconds|
               - Motor was on for 0 minutes and 0 seconds|
               - Receiver type: TRX:2 PWM:8|
               - RX swaps: 0|
               - RX1 use: 0 minutes and 0 seconds|
               - RX2 use: 1 minutes and 3 seconds|
               - Longest gap: 7 ms|
               - Average gap: 7 ms|
               - Average frame rate: 488 fps|
               - Unacknowledged data packets:  1|
               - TX Volts per cell: 4.04|
               - Time since boot: 2 minutes and 35 seconds|
               - (End of this flight log.)|
               - Connected to B Thundr2|
               - Minimum logged gap: 50 ms|
               - TX Volts per cell: 4.04|
               - Time since boot: 2 minutes and 36 seconds|
12.06.17 - RX: 1|
12.12.22 - Disconnected from B Thundr2|
               - Time connected: 6 minutes and 5 seconds|
               - Motor was on for 0 minutes and 0 seconds|
               - Receiver type: TRX:2 PWM:8|
               - RX swaps: 1|
               - RX1 use: 6 minutes and 3 seconds|
               - RX2 use: 0 minutes and 0 seconds|
               - Longest gap: 0 ms|
               - Average gap: 0 ms|
               - Average frame rate: 498 fps|
               - Unacknowledged data packets:  0|
               - TX Volts per cell: 4.04|
               - Time since boot: 8 minutes and 41 seconds|
               - (End of this flight log.)|
12.12.23 - Connected to B Thundr2|
               - Minimum logged gap: 50 ms|
               - TX Volts per cell: 4.05|
               - Time since boot: 8 minutes and 42 seconds|
               - RX: 2|
12.19.57 - Disconnected from B Thundr2|
               - Time connected: 7 minutes and 33 seconds|
               - Motor was on for 0 minutes and 0 seconds|
               - Receiver type: TRX:2 PWM:8|
               - RX swaps: 0|
               - RX1 use: 0 minutes and 0 seconds|
               - RX2 use: 7 minutes and 32 seconds|
               - Longest gap: 5 ms|
               - Average gap: 5 ms|
               - Average frame rate: 499 fps|
               - Unacknowledged data packets:  1|
               - TX Volts per cell: 4.04|
               - Time since boot: 16 minutes and 16 seconds|
               - (End of this flight log.)|
12.19.58 - Connected to B Thundr2|
               - Minimum logged gap: 50 ms|
               - TX Volts per cell: 4.05|
               - Time since boot: 16 minutes and 17 seconds|
               - RX: 2|
12.21.17 - Disconnected from B Thundr2|
               - Time connected: 1 minute and 19 seconds|
               - Motor was on for 0 minutes and 0 seconds|
               - Receiver type: TRX:2 PWM:8|
               - RX swaps: 0|
               - RX1 use: 0 minutes and 0 seconds|
               - RX2 use: 1 minutes and 18 seconds|
               - Longest gap: 7 ms|
               - Average gap: 6 ms|
               - Average frame rate: 493 fps|
               - Unacknowledged data packets:  6|
               - TX Volts per cell: 4.04|
               - Time since boot: 17 minutes and 37 seconds|
               - (End of this flight log.)|
12.21.18 - Connected to B Thundr2|
               - Minimum logged gap: 50 ms|
               - TX Volts per cell: 4.05|
               - Time since boot: 17 minutes and 37 seconds|
               - RX: 2|
12.22.07 - Disconnected from B Thundr2|
               - Time connected: 0 minutes and 48 seconds|
               - Motor was on for 0 minutes and 0 seconds|
               - Receiver type: TRX:2 PWM:8|
               - RX swaps: 0|
               - RX1 use: 0 minutes and 0 seconds|
               - RX2 use: 0 minutes and 47 seconds|
               - Longest gap: 0 ms|
               - Average gap: 0 ms|
               - Average frame rate: 499 fps|
               - Unacknowledged data packets:  0|
               - TX Volts per cell: 4.04|
               - Time since boot: 18 minutes and 26 seconds|
               - (End of this flight log.)|
12.22.08 - Connected to B Thundr2|
               - Minimum logged gap: 50 ms|
               - TX Volts per cell: 4.04|
               - Time since boot: 18 minutes and 27 seconds|
               - RX: 2|
12.23.18 - Disconnected from B Thundr2|
               - Time connected: 1 minute and 10 seconds|
               - Motor was on for 0 minutes and 0 seconds|
               - Receiver type: TRX:2 PWM:8|
               - RX swaps: 0|
               - RX1 use: 0 minutes and 0 seconds|
               - RX2 use: 1 minutes and 9 seconds|
               - Longest gap: 16 ms|
               - Average gap: 10 ms|
               - Average frame rate: 499 fps|
               - Unacknowledged data packets:  2|
               - TX Volts per cell: 4.04|
               - Time since boot: 19 minutes and 37 seconds|
               - (End of this flight log.)|
12.23.19 - Connected to B Thundr2|
               - Minimum logged gap: 50 ms|
               - TX Volts per cell: 4.05|
               - Time since boot: 19 minutes and 38 seconds|
               - RX: 2|
12.25.35 - Bank 4|
12.25.38 - Bank 1|
12.25.40 - Bank 4|
12.25.42 - Bank 1|
12.25.43 - Bank 4|
12.25.44 - Bank 1|
12.25.45 - Bank 4|
12.25.47 - Bank 1|
12.25.48 - Bank 4|
12.25.59 - Bank 1|
12.33.06 - Disconnected from B Thundr2|
               - Time connected: 9 minutes and 47 seconds|
               - Motor was on for 0 minutes and 0 seconds|
               - Receiver type: TRX:2 PWM:8|
               - RX swaps: 0|
               - RX1 use: 0 minutes and 0 seconds|
               - RX2 use: 9 minutes and 46 seconds|
               - Longest gap: 15 ms|
               - Average gap: 7 ms|
               - Average frame rate: 499 fps|
               - Unacknowledged data packets:  6|
               - TX Volts per cell: 4.04|
               - Time since boot: 29 minutes and 25 seconds|
               - (End of this flight log.)|
12.33.07 - Connected to B Thundr2|
               - Minimum logged gap: 50 ms|
               - TX Volts per cell: 4.04|
               - Time since boot: 29 minutes and 26 seconds|
               - RX: 2|
12.33.28 - Bank 4|
12.33.30 - Bank 1|
12.33.32 - Bank 4|
12.33.33 - Bank 1|
12.33.34 - Bank 4|
12.33.36 - Bank 1|
12.34.33 - Disconnected from B Thundr2|
               - Time connected: 1 minute and 26 seconds|
               - Motor was on for 0 minutes and 0 seconds|
               - Receiver type: TRX:2 PWM:8|
               - RX swaps: 0|
               - RX1 use: 0 minutes and 0 seconds|
               - RX2 use: 1 minutes and 25 seconds|
               - Longest gap: 15 ms|
               - Average gap: 15 ms|
               - Average frame rate: 492 fps|
               - Unacknowledged data packets:  1|
               - TX Volts per cell: 4.04|
               - Time since boot: 30 minutes and 52 seconds|
               - (End of this flight log.)|
12.34.34 - Connected to B Thundr2|
               - Minimum logged gap: 50 ms|
               - TX Volts per cell: 4.04|
               - Time since boot: 30 minutes and 53 seconds|
               - RX: 1|
12.34.35 - Gap: 140|
12.39.27 - Disconnected from B Thundr2|
               - Time connected: 4 minutes and 52 seconds|
               - Motor was on for 0 minutes and 0 seconds|
               - Receiver type: TRX:2 PWM:8|
               - RX swaps: 1|
               - RX1 use: 4 minutes and 50 seconds|
               - RX2 use: 0 minutes and 0 seconds|
               - Longest gap: 7 ms|
               - Average gap: 7 ms|
               - Average frame rate: 499 fps|
               - Unacknowledged data packets:  1|
               - TX Volts per cell: 4.04|
               - Time since boot: 35 minutes and 46 seconds|
               - (End of this flight log.)|
               - Connected to B Thundr2|
               - Minimum logged gap: 50 ms|
               - TX Volts per cell: 4.04|
               - Time since boot: 35 minutes and 46 seconds|
               - RX: 2|
12.40.43 - Disconnected from B Thundr2|
               - Time connected: 1 minute and 15 seconds|
               - Motor was on for 0 minutes and 0 seconds|
               - Receiver type: TRX:2 PWM:8|
               - RX swaps: 0|
               - RX1 use: 0 minutes and 0 seconds|
               - RX2 use: 1 minutes and 14 seconds|
               - Longest gap: 0 ms|
               - Average gap: 0 ms|
               - Average frame rate: 498 fps|
               - Unacknowledged data packets:  0|
               - TX Volts per cell: 4.04|
               - Time since boot: 37 minutes and 2 seconds|
               - (End of this flight log.)|
               - Connected to B Thundr2|
               - Minimum logged gap: 50 ms|
               - TX Volts per cell: 4.04|
               - Time since boot: 37 minutes and 2 seconds|
               - RX: 2|
12.53.20 - Disconnected from B Thundr2|
               - Time connected: 12 minutes and 37 seconds|
               - Motor was on for 0 minutes and 0 seconds|
               - Receiver type: TRX:2 PWM:8|
               - RX swaps: 0|
               - RX1 use: 0 minutes and 0 seconds|
               - RX2 use: 12 minutes and 36 seconds|
               - Longest gap: 0 ms|
               - Average gap: 0 ms|
               - Average frame rate: 499 fps|
               - Unacknowledged data packets:  0|
               - TX Volts per cell: 4.04|
               - Time since boot: 49 minutes and 39 seconds|
               - (End of this flight log.)|
12.53.21 - Connected to B Thundr2|
               - Minimum logged gap: 50 ms|
               - TX Volts per cell: 4.04|
               - Time since boot: 49 minutes and 40 seconds|
               - RX: 2|
12.55.48 - Disconnected from B Thundr2|
               - Time connected: 2 minutes and 26 seconds|
               - Motor was on for 0 minutes and 0 seconds|
               - Receiver type: TRX:2 PWM:8|
               - RX swaps: 0|
               - RX1 use: 0 minutes and 0 seconds|
               - RX2 use: 2 minutes and 25 seconds|
               - Longest gap: 0 ms|
               - Average gap: 0 ms|
               - Average frame rate: 493 fps|
               - Unacknowledged data packets:  0|
               - TX Volts per cell: 4.03|
               - Time since boot: 52 minutes and 7 seconds|
               - (End of this flight log.)|
12.55.54 - Connected to B Thundr2|
               - Minimum logged gap: 50 ms|
               - TX Volts per cell: 4.04|
               - Time since boot: 52 minutes and 13 seconds|
               - RX: 2|
12.55.55 - Gap: 119|
12.56.33 - RX: 1|
12.56.55 - Disconnected from B Thundr2|
               - Time connected: 1 minute and 1 second|
               - Motor was on for 0 minutes and 0 seconds|
               - Receiver type: TRX:2 PWM:8|
               - RX swaps: 1|
               - RX1 use: 0 minutes and 20 seconds|
               - RX2 use: 0 minutes and 39 seconds|
               - Longest gap: 1 ms|
               - Average gap: 1 ms|
               - Average frame rate: 492 fps|
               - Unacknowledged data packets:  1|
               - TX Volts per cell: 4.03|
               - Time since boot: 53 minutes and 14 seconds|
               - (End of this flight log.)|
12.56.56 - Connected to B Thundr2|
               - Minimum logged gap: 50 ms|
               - TX Volts per cell: 4.03|
               - Time since boot: 53 minutes and 15 seconds|
               - RX: 1|
12.57.01 - RX: 2|
12.57.09 - Bank 2|
12.57.10 - Bank 3|
12.57.12 - Bank 2|
               - Bank 1|
12.57.13 - Bank 2|
12.57.14 - Bank 3|
12.57.16 - Bank 2|
               - Bank 1|
12.57.17 - Bank 2|
12.57.18 - Bank 3|
12.57.19 - Bank 2|
               - Bank 1|
12.57.20 - Bank 4|
12.58.50 - Disconnected from B Thundr2|
               - Time connected: 1 minute and 54 seconds|
               - Motor was on for 0 minutes and 0 seconds|
               - Receiver type: TRX:2 PWM:8|
               - RX swaps: 2|
               - RX1 use: 0 minutes and 5 seconds|
               - RX2 use: 1 minutes and 48 seconds|
               - Longest gap: 2 ms|
               - Average gap: 2 ms|
               - Average frame rate: 490 fps|
               - Unacknowledged data packets:  14|
               - TX Volts per cell: 4.02|
               - Time since boot: 55 minutes and 9 seconds|
               - (End of this flight log.)|
12.58.51 - Connected to B Thundr2|
               - Minimum logged gap: 50 ms|
               - TX Volts per cell: 4.03|
               - Time since boot: 55 minutes and 10 seconds|
               - RX: 2|
13.00.34 - RX: 1|
13.00.58 - Disconnected from B Thundr2|
               - Time connected: 2 minutes and 6 seconds|
               - Motor was on for 0 minutes and 0 seconds|
               - Receiver type: TRX:2 PWM:8|
               - RX swaps: 1|
               - RX1 use: 0 minutes and 22 seconds|
               - RX2 use: 1 minutes and 43 seconds|
               - Longest gap: 1 ms|
               - Average gap: 1 ms|
               - Average frame rate: 493 fps|
               - Unacknowledged data packets:  1|
               - TX Volts per cell: 4.03|
               - Time since boot: 57 minutes and 17 seconds|
               - (End of this flight log.)|
13.00.59 - Connected to B Thundr2|
               - Minimum logged gap: 50 ms|
               - TX Volts per cell: 4.03|
               - Time since boot: 57 minutes and 18 seconds|
               - RX: 2|
13.01.16 - RX: 1|
13.04.28 - Connected to B Thundr2|
               - Minimum logged gap: 50 ms|
               - TX Volts per cell: 4.03|
               - Time since boot: 0 minutes and 3 seconds|
               - RX: 1|
13.04.41 - Disconnected from B Thundr2|
               - Time connected: 0 minutes and 12 seconds|
               - Motor was on for 0 minutes and 0 seconds|
               - Receiver type: TRX:2 PWM:8|
               - RX swaps: 1|
               - RX1 use: 0 minutes and 10 seconds|
               - RX2 use: 0 minutes and 0 seconds|
               - Longest gap: 0 ms|
               - Average gap: 0 ms|
               - Average frame rate: 466 fps|
               - Unacknowledged data packets:  0|
               - TX Volts per cell: 4.03|
               - Time since boot: 0 minutes and 16 seconds|
               - (End of this flight log.)|
               - Connected to B Thundr2|
               - Minimum logged gap: 50 ms|
               - TX Volts per cell: 4.03|
               - Time since boot: 0 minutes and 16 seconds|
               - RX: 2|
13.04.47 - RX: 1|
13.04.54 - RX: 2|
13.04.58 - RX: 1|
13.05.04 - RX: 2|
14.31.26 - Connected to B Thundr2|
               - Minimum logged gap: 50 ms|
               - TX Volts per cell: 4.11|
               - Time since boot: 0 minutes and 3 seconds|
               - RX: 1|
14.31.34 - Disconnected from B Thundr2|
               - Time connected: 0 minutes and 8 seconds|
               - Motor was on for 0 minutes and 0 seconds|
               - Receiver type: TRX:2 PWM:8|
               - RX swaps: 5|
               - RX1 use: 0 minutes and 17 seconds|
               - RX2 use: 0 minutes and 17 seconds|
               - Longest gap: 0 ms|
               - Average gap: 0 ms|
               - Average frame rate: 238 fps|
               - Unacknowledged data packets:  0|
               - TX Volts per cell: 4.11|
               - Time since boot: 0 minutes and 11 seconds|
               - (End of this flight log.)|
               - Connected to B Thundr2|
               - Minimum logged gap: 50 ms|
               - TX Volts per cell: 4.11|
               - Time since boot: 0 minutes and 11 seconds|
               - RX: 2|
14.37.23 - Disconnected from B Thundr2|
               - Time connected: 5 minutes and 49 seconds|
               - Motor was on for 0 minutes and 0 seconds|
               - Receiver type: TRX:2 PWM:8|
               - RX swaps: 0|
               - RX1 use: 0 minutes and 0 seconds|
               - RX2 use: 5 minutes and 48 seconds|
               - Longest gap: 7 ms|
               - Average gap: 7 ms|
               - Average frame rate: 500 fps|
               - Unacknowledged data packets:  1|
               - TX Volts per cell: 4.10|
               - Time since boot: 6 minutes and 1 second|
               - (End of this flight log.)|
14.37.24 - Connected to B Thundr2|
               - Minimum logged gap: 50 ms|
               - TX Volts per cell: 4.10|
               - Time since boot: 6 minutes and 1 second|
               - RX: 2|
14.37.26 - RX: 1|
14.37.35 - Bank 1|
14.37.37 - Bank 2|
14.37.38 - Bank 4|
14.41.04 - RX: 2|
15.00.42 - Connected to B Thundr2|
               - Minimum logged gap: 50 ms|
               - TX Volts per cell: 4.08|
               - Time since boot: 0 minutes and 3 seconds|
15.00.43 - RX: 2|
15.00.45 - Disconnected from B Thundr2|
               - Time connected: 0 minutes and 2 seconds|
               - Motor was on for 0 minutes and 0 seconds|
               - Receiver type: TRX:2 PWM:8|
               - RX swaps: 2|
               - RX1 use: 3 minutes and 37 seconds|
               - RX2 use: 0 minutes and 9 seconds|
               - Longest gap: 15 ms|
               - Average gap: 9 ms|
               - Average frame rate: 49 fps|
               - Unacknowledged data packets:  6|
               - TX Volts per cell: 4.09|
               - Time since boot: 0 minutes and 5 seconds|
               - (End of this flight log.)|
15.00.46 - Connected to B Thundr2|
               - Minimum logged gap: 50 ms|
               - TX Volts per cell: 4.09|
               - Time since boot: 0 minutes and 6 seconds|
               - RX: 2|
15.01.24 - Disconnected from B Thundr2|
               - Time connected: 0 minutes and 38 seconds|
               - Motor was on for 0 minutes and 0 seconds|
               - Receiver type: TRX:2 PWM:8|
               - RX swaps: 0|
               - RX1 use: 0 minutes and 0 seconds|
               - RX2 use: 0 minutes and 37 seconds|
               - Longest gap: 0 ms|
               - Average gap: 0 ms|
               - Average frame rate: 474 fps|
               - Unacknowledged data packets:  0|
               - TX Volts per cell: 4.08|
               - Time since boot: 0 minutes and 44 seconds|
               - (End of this flight log.)|
               - Connected to B Thundr2|
               - Minimum logged gap: 50 ms|
               - TX Volts per cell: 4.08|
               - Time since boot: 0 minutes and 45 seconds|
               - RX: 1|
15.01.43 - Bank 2|
15.01.45 - Bank 3|
               - Bank 2|
15.01.46 - Bank 1|
15.02.36 - Disconnected from B Thundr2|
               - Time connected: 1 minute and 11 seconds|
               - Motor was on for 0 minutes and 0 seconds|
               - Receiver type: TRX:2 PWM:8|
               - RX swaps: 1|
               - RX1 use: 1 minutes and 9 seconds|
               - RX2 use: 0 minutes and 0 seconds|
               - Longest gap: 7 ms|
               - Average gap: 6 ms|
               - Average frame rate: 500 fps|
               - Unacknowledged data packets:  6|
               - TX Volts per cell: 4.08|
               - Time since boot: 1 minute and 57 seconds|
               - (End of this flight log.)|
15.02.37 - Connected to B Thundr2|
               - Minimum logged gap: 50 ms|
               - TX Volts per cell: 4.08|
               - Time since boot: 1 minute and 58 seconds|
               - RX: 2|
15.06.58 - Disconnected from B Thundr2|
               - Time connected: 4 minutes and 20 seconds|
               - Motor was on for 0 minutes and 0 seconds|
               - Receiver type: TRX:2 PWM:8|
               - RX swaps: 0|
               - RX1 use: 0 minutes and 0 seconds|
               - RX2 use: 4 minutes and 19 seconds|
               - Longest gap: 0 ms|
               - Average gap: 0 ms|
               - Average frame rate: 498 fps|
               - Unacknowledged data packets:  0|
               - TX Volts per cell: 4.08|
               - Time since boot: 6 minutes and 19 seconds|
               - (End of this flight log.)|
15.07.04 - Connected to B Thundr2|
               - Minimum logged gap: 50 ms|
               - TX Volts per cell: 4.09|
               - Time since boot: 6 minutes and 25 seconds|
               - RX: 2|
15.09.30 - RX: 1|
15.18.50 - Disconnected from B Thundr2|
               - Time connected: 11 minutes and 45 seconds|
               - Motor was on for 0 minutes and 0 seconds|
               - Receiver type: TRX:2 PWM:8|
               - RX swaps: 1|
               - RX1 use: 9 minutes and 18 seconds|
               - RX2 use: 2 minutes and 26 seconds|
               - Longest gap: 7 ms|
               - Average gap: 5 ms|
               - Average frame rate: 498 fps|
               - Unacknowledged data packets:  4|
               - TX Volts per cell: 4.07|
               - Time since boot: 18 minutes and 11 seconds|
               - (End of this flight log.)|
15.18.51 - Connected to B Thundr2|
               - Minimum logged gap: 50 ms|
               - TX Volts per cell: 4.07|
               - Time since boot: 18 minutes and 12 seconds|
               - RX: 2|
15.18.52 - Gap: 117|
15.18.57 - Bank 2|
15.18.58 - Bank 1|
15.19.00 - Bank 2|
15.19.01 - Bank 1|
15.30.14 - Disconnected from B Thundr2|
               - Time connected: 11 minutes and 22 seconds|
               - Motor was on for 0 minutes and 0 seconds|
               - Receiver type: TRX:2 PWM:8|
               - RX swaps: 0|
               - RX1 use: 0 minutes and 0 seconds|
               - RX2 use: 11 minutes and 21 seconds|
               - Longest gap: 7 ms|
               - Average gap: 6 ms|
               - Average frame rate: 499 fps|
               - Unacknowledged data packets:  4|
               - TX Volts per cell: 4.07|
               - Time since boot: 29 minutes and 34 seconds|
               - (End of this flight log.)|
15.30.15 - Connected to B Thundr2|
               - Minimum logged gap: 50 ms|
               - TX Volts per cell: 4.07|
               - Time since boot: 29 minutes and 35 seconds|
               - RX: 2|
15.30.32 - RX: 1|
15.31.00 - Disconnected from B Thundr2|
               - Time connected: 0 minutes and 45 seconds|
               - Motor was on for 0 minutes and 0 seconds|
               - Receiver type: TRX:2 PWM:8|
               - RX swaps: 1|
               - RX1 use: 0 minutes and 25 seconds|
               - RX2 use: 0 minutes and 18 seconds|
               - Longest gap: 5 ms|
               - Average gap: 3 ms|
               - Average frame rate: 478 fps|
               - Unacknowledged data packets:  3|
               - TX Volts per cell: 4.06|
               - Time since boot: 30 minutes and 20 seconds|
               - (End of this flight log.)|
               - Connected to B Thundr2|
               - Minimum logged gap: 50 ms|
               - TX Volts per cell: 4.06|
               - Time since boot: 30 minutes and 21 seconds|
15.31.01 - RX: 2|
15.31.05 - RX: 1|
15.31.11 - Bank 2|
15.31.12 - Bank 3|
15.31.13 - Bank 2|
               - Bank 1|
               - Bank 4|
15.33.49 - RX: 2|
15.36.46 - Disconnected from B Thundr2|
               - Time connected: 5 minutes and 45 seconds|
               - Motor was on for 0 minutes and 0 seconds|
               - Receiver type: TRX:2 PWM:8|
               - RX swaps: 2|
               - RX1 use: 2 minutes and 43 seconds|
               - RX2 use: 3 minutes and 0 seconds|
               - Longest gap: 6 ms|
               - Average gap: 4 ms|
               - Average frame rate: 498 fps|
               - Unacknowledged data packets:  8|
               - TX Volts per cell: 4.06|
               - Time since boot: 36 minutes and 6 seconds|
               - (End of this flight log.)|
               - Connected to B Thundr2|
               - Minimum logged gap: 50 ms|
               - TX Volts per cell: 4.06|
               - Time since boot: 36 minutes and 7 seconds|
               - RX: 2|
15.37.52 - Disconnected from B Thundr2|
               - Time connected: 1 minute and 5 seconds|
               - Motor was on for 0 minutes and 0 seconds|
               - Receiver type: TRX:2 PWM:8|
               - RX swaps: 0|
               - RX1 use: 0 minutes and 0 seconds|
               - RX2 use: 1 minutes and 4 seconds|
               - Longest gap: 0 ms|
               - Average gap: 0 ms|
               - Average frame rate: 484 fps|
               - Unacknowledged data packets:  0|
               - TX Volts per cell: 4.06|
               - Time since boot: 37 minutes and 12 seconds|
               - (End of this flight log.)|
15.37.53 - Connected to B Thundr2|
               - Minimum logged gap: 50 ms|
               - TX Volts per cell: 4.06|
               - Time since boot: 37 minutes and 13 seconds|
               - RX: 2|
15.38.01 - RX: 1|
15.41.20 - Disconnected from B Thundr2|
               - Time connected: 3 minutes and 27 seconds|
               - Motor was on for 0 minutes and 0 seconds|
               - Receiver type: TRX:2 PWM:8|
               - RX swaps: 1|
               - RX1 use: 3 minutes and 17 seconds|
               - RX2 use: 0 minutes and 9 seconds|
               - Longest gap: 2 ms|
               - Average gap: 2 ms|
               - Average frame rate: 493 fps|
               - Unacknowledged data packets:  1|
               - TX Volts per cell: 4.06|
               - Time since boot: 40 minutes and 41 seconds|
               - (End of this flight log.)|
15.41.21 - Connected to B Thundr2|
               - Minimum logged gap: 50 ms|
               - TX Volts per cell: 4.06|
               - Time since boot: 40 minutes and 42 seconds|
               - RX: 2|
15.41.44 - RX: 1|
15.41.52 - Bank 2|
15.41.53 - Bank 3|
15.41.54 - Bank 2|
               - Bank 1|
15.41.55 - Bank 4|
15.41.56 - Bank 1|
15.41.57 - Bank 3|
15.41.58 - Bank 2|
               - Bank 1|
15.42.00 - Bank 4|
