               - *******************************************|
20.03.36 - Power ON|
               - TX Volts per cell: 4.03|
               - Model loaded: B Thundr2|
               - Rate: 1|
20.03.37 - Bank 4|
               - Model memory matched: B Thundr2|
20.03.47 - Connected to B Thundr2|
               - Minimum logged gap: 50 ms|
               - TX Volts per cell: 4.03|
               - Time since boot: 0 minutes and 12 seconds|
               - RX: 1|
20.03.48 - Gap: 134|
20.04.34 - Disconnected from B Thundr2|
               - Time connected: 0 minutes and 48 seconds|
               - Motor was on for 0 minutes and 0 seconds|
               - RX swaps: 1|
               - RX1 use: 0 minutes and 44 seconds|
               - RX2 use: 0 minutes and 0 seconds|
               - Longest gap: 0 ms|
               - Average gap: 0 ms|
               - Average frame rate: 496 fps|
               - Unacknowledged data packets:  0|
               - Acknowledgements received: 20965|
               - Data packets received at RX: 22381|
               - Total packets attempted: 22375|
               - RX Volts per cell: 3.83|
               - TX Volts per cell: 4.03|
               - Success rate: 100.00%|
               - Time since boot: 0 minutes and 59 seconds|
               - (End of this flight log.)|
20.04.51 - Power OFF|
               - *******************************************|
               - *******************************************|
22.16.52 - Power ON|
               - TX Volts per cell: 4.03|
               - Model loaded: B Thundr2|
               - Rate: 1|
               - Bank 4|
22.17.00 - Bank 1|
               - Bank 4|
22.17.12 - Bank 1|
22.17.13 - Bank 2|
               - Bank 3|
22.17.14 - Bank 2|
               - Bank 1|
22.17.15 - Bank 2|
22.17.16 - Bank 3|
               - Bank 4|
22.17.18 - Power OFF|
               - *******************************************|
