08.58.27 - Gap: 145|
               - Model memory matched: OMPYELLOW|
08.58.28 - Connected to OMPYELLOW|
               - Minimum logged gap: 50 ms|
               - TX Volts per cell: 8.15|
               - Time since boot: 0 minutes and 6 seconds|
08.58.29 - RX: 1|
08.59.00 - Disconnected from OMPYELLOW|
               - Time connected: 0 minutes and 32 seconds|
               - Motor was on for 0 minutes and 0 seconds|
               - Receiver type: TRX:1 PWM:8|
               - RX swaps: 0|
               - RX1 use: 0 minutes and 31 seconds|
               - RX2 use: 0 minutes and 0 seconds|
               - Longest gap: 0 ms|
               - Average gap: 0 ms|
               - Average frame rate: 501 fps|
               - Unacknowledged data packets:  0|
               - RX Volts per cell: 3.84|
               - TX Volts per cell: 8.13|
               - Time since boot: 0 minutes and 37 seconds|
               - (End of this flight log.)|
               - Model memory found: Test helicopter|
09.13.09 - Connected to Test helicopter|
               - Minimum logged gap: 50 ms|
               - TX Volts per cell: 8.14|
               - Time since boot: 0 minutes and 4 seconds|
               - RX: 1|
09.13.41 - Bank 1|
09.13.42 - Bank 2|
               - Bank 3|
09.13.43 - Bank 1|
               - Bank 4|
09.13.47 - Bank 1|
               - Bank 4|
09.15.16 - RX: 2|
09.15.18 - RX: 1|
               - Model memory matched: Test helicopter|
10.05.02 - Connected to Test helicopter|
               - Minimum logged gap: 50 ms|
               - TX Volts per cell: 8.14|
               - Time since boot: 0 minutes and 4 seconds|
               - RX: 2|
               - Gap: 254|
               - Model memory matched: Test helicopter|
10.05.30 - Connected to Test helicopter|
               - Minimum logged gap: 50 ms|
               - TX Volts per cell: 8.14|
               - Time since boot: 0 minutes and 4 seconds|
               - Gap: 255|
               - Gap: 256|
               - RX: 1|
10.05.38 - Bank 1|
10.05.41 - Bank 2|
10.05.42 - Gap: 122|
               - Bank 3|
10.05.44 - Bank 2|
10.05.45 - Bank 1|
10.05.51 - RX: 2|
10.05.53 - RX: 1|
               - Model memory matched: Test helicopter|
               - Model memory matched: Test helicopter|
10.19.25 - Connected to Test helicopter|
               - Minimum logged gap: 50 ms|
               - TX Volts per cell: 8.14|
               - Time since boot: 0 minutes and 4 seconds|
               - RX: 2|
10.20.16 - Disconnected from Test helicopter|
               - Time connected: 0 minutes and 52 seconds|
               - Motor was on for 0 minutes and 0 seconds|
               - Receiver type: TRX:2 PWM:8|
               - RX swaps: 8|
               - RX1 use: 2 minutes and 38 seconds|
               - RX2 use: 1 minutes and 12 seconds|
               - Longest gap: 16 ms|
               - Average gap: 6 ms|
               - Average frame rate: 496 fps|
               - Unacknowledged data packets:  68|
               - TX Volts per cell: 8.13|
               - Time since boot: 0 minutes and 55 seconds|
               - (End of this flight log.)|
               - Model memory matched: Test helicopter|
10.20.17 - Connected to Test helicopter|
               - Minimum logged gap: 50 ms|
               - TX Volts per cell: 8.13|
               - Time since boot: 0 minutes and 57 seconds|
10.20.18 - RX: 2|
10.20.24 - Bank 2|
10.20.30 - Bank 1|
10.20.32 - Bank 2|
10.20.33 - Bank 3|
10.20.35 - Bank 2|
               - Bank 1|
10.20.39 - Bank 2|
               - Bank 3|
10.20.42 - Bank 2|
10.20.43 - Bank 1|
10.21.31 - Disconnected from Test helicopter|
               - Time connected: 1 minute and 15 seconds|
               - Motor was on for 0 minutes and 0 seconds|
               - Receiver type: TRX:2 PWM:8|
               - RX swaps: 0|
               - RX1 use: 0 minutes and 0 seconds|
               - RX2 use: 1 minutes and 12 seconds|
               - Longest gap: 15 ms|
               - Average gap: 6 ms|
               - Average frame rate: 496 fps|
               - Unacknowledged data packets:  105|
               - TX Volts per cell: 8.13|
               - Time since boot: 2 minutes and 11 seconds|
               - (End of this flight log.)|
               - Model memory matched: Test helicopter|
10.21.33 - Connected to Test helicopter|
               - Minimum logged gap: 50 ms|
               - TX Volts per cell: 8.12|
               - Time since boot: 2 minutes and 13 seconds|
               - RX: 1|
10.21.50 - Bank 2|
10.21.51 - Bank 3|
10.21.53 - Bank 1|
10.21.54 - Bank 4|
10.21.55 - Bank 1|
10.22.02 - Bank 2|
10.22.03 - Bank 3|
10.22.04 - Bank 2|
               - Bank 1|
10.22.06 - Bank 4|
10.23.20 - Disconnected from Test helicopter|
               - Time connected: 1 minute and 48 seconds|
               - Motor was on for 0 minutes and 0 seconds|
               - Receiver type: TRX:2 PWM:8|
               - RX swaps: 1|
               - RX1 use: 1 minutes and 44 seconds|
               - RX2 use: 0 minutes and 0 seconds|
               - Longest gap: 15 ms|
               - Average gap: 7 ms|
               - Average frame rate: 500 fps|
               - Unacknowledged data packets:  33|
               - TX Volts per cell: 8.12|
               - Time since boot: 4 minutes and 0 second|
               - (End of this flight log.)|
               - Model memory matched: Test helicopter|
10.23.22 - Connected to Test helicopter|
               - Minimum logged gap: 50 ms|
               - TX Volts per cell: 8.12|
               - Time since boot: 4 minutes and 2 seconds|
               - RX: 2|
10.23.23 - Gap: 138|
10.44.07 - RX: 1|
10.44.08 - RX: 2|
               - Model memory matched: Test helicopter|
10.48.45 - Connected to Test helicopter|
               - Minimum logged gap: 50 ms|
               - TX Volts per cell: 8.12|
               - Time since boot: 0 minutes and 4 seconds|
               - RX: 2|
10.48.46 - Bank 1|
10.48.48 - Bank 2|
10.48.49 - Bank 3|
10.48.50 - Bank 2|
               - Bank 1|
10.48.52 - Bank 2|
10.48.53 - Bank 3|
10.48.54 - Bank 2|
               - Bank 1|
10.48.56 - Bank 2|
10.48.59 - Bank 1|
10.49.00 - Bank 2|
10.49.33 - Disconnected from Test helicopter|
               - Time connected: 0 minutes and 49 seconds|
               - Motor was on for 0 minutes and 0 seconds|
               - Receiver type: TRX:2 PWM:8|
               - RX swaps: 2|
               - RX1 use: 0 minutes and 0 seconds|
               - RX2 use: 0 minutes and 46 seconds|
               - Longest gap: 6 ms|
               - Average gap: 5 ms|
               - Average frame rate: 499 fps|
               - Unacknowledged data packets:  11|
               - TX Volts per cell: 8.11|
               - Time since boot: 0 minutes and 52 seconds|
               - (End of this flight log.)|
               - Model memory matched: Test helicopter|
10.49.34 - Connected to Test helicopter|
               - Minimum logged gap: 50 ms|
               - TX Volts per cell: 8.11|
               - Time since boot: 0 minutes and 54 seconds|
               - RX: 2|
10.49.37 - Bank 1|
10.49.41 - Bank 2|
10.50.05 - Disconnected from Test helicopter|
               - Time connected: 0 minutes and 31 seconds|
               - Motor was on for 0 minutes and 0 seconds|
               - Receiver type: TRX:2 PWM:8|
               - RX swaps: 0|
               - RX1 use: 0 minutes and 0 seconds|
               - RX2 use: 0 minutes and 29 seconds|
               - Longest gap: 15 ms|
               - Average gap: 6 ms|
               - Average frame rate: 500 fps|
               - Unacknowledged data packets:  6|
               - TX Volts per cell: 8.10|
               - Time since boot: 1 minute and 24 seconds|
               - (End of this flight log.)|
               - Model memory matched: Test helicopter|
10.50.06 - Connected to Test helicopter|
               - Minimum logged gap: 50 ms|
               - TX Volts per cell: 8.10|
               - Time since boot: 1 minute and 26 seconds|
10.50.07 - RX: 2|
10.50.09 - Bank 3|
10.50.12 - Bank 2|
               - Bank 1|
10.50.25 - Disconnected from Test helicopter|
               - Time connected: 0 minutes and 19 seconds|
               - Motor was on for 0 minutes and 0 seconds|
               - Receiver type: TRX:2 PWM:8|
               - RX swaps: 0|
               - RX1 use: 0 minutes and 0 seconds|
               - RX2 use: 0 minutes and 17 seconds|
               - Longest gap: 6 ms|
               - Average gap: 5 ms|
               - Average frame rate: 499 fps|
               - Unacknowledged data packets:  9|
               - TX Volts per cell: 8.10|
               - Time since boot: 1 minute and 44 seconds|
               - (End of this flight log.)|
               - Model memory matched: Test helicopter|
10.50.26 - Connected to Test helicopter|
               - Minimum logged gap: 50 ms|
               - TX Volts per cell: 8.10|
               - Time since boot: 1 minute and 46 seconds|
10.50.27 - RX: 1|
               - Gap: 138|
10.50.29 - Bank 2|
10.50.31 - Bank 1|
10.50.48 - Disconnected from Test helicopter|
               - Time connected: 0 minutes and 22 seconds|
               - Motor was on for 0 minutes and 0 seconds|
               - Receiver type: TRX:2 PWM:8|
               - RX swaps: 1|
               - RX1 use: 0 minutes and 19 seconds|
               - RX2 use: 0 minutes and 0 seconds|
               - Longest gap: 6 ms|
               - Average gap: 5 ms|
               - Average frame rate: 500 fps|
               - Unacknowledged data packets:  3|
               - TX Volts per cell: 8.10|
               - Time since boot: 2 minutes and 7 seconds|
               - (End of this flight log.)|
               - Model memory matched: Test helicopter|
10.50.49 - Connected to Test helicopter|
               - Minimum logged gap: 50 ms|
               - TX Volts per cell: 8.10|
               - Time since boot: 2 minutes and 9 seconds|
10.50.50 - RX: 2|
10.50.52 - Bank 2|
10.51.08 - Disconnected from Test helicopter|
               - Time connected: 0 minutes and 19 seconds|
               - Motor was on for 0 minutes and 0 seconds|
               - Receiver type: TRX:2 PWM:8|
               - RX swaps: 0|
               - RX1 use: 0 minutes and 0 seconds|
               - RX2 use: 0 minutes and 17 seconds|
               - Longest gap: 5 ms|
               - Average gap: 5 ms|
               - Average frame rate: 501 fps|
               - Unacknowledged data packets:  2|
               - TX Volts per cell: 8.10|
               - Time since boot: 2 minutes and 28 seconds|
               - (End of this flight log.)|
               - Model memory matched: Test helicopter|
10.51.10 - Connected to Test helicopter|
               - Minimum logged gap: 50 ms|
               - TX Volts per cell: 8.10|
               - Time since boot: 2 minutes and 29 seconds|
               - RX: 2|
10.51.12 - Bank 3|
10.51.14 - Bank 2|
10.51.15 - Bank 1|
10.51.42 - Disconnected from Test helicopter|
               - Time connected: 0 minutes and 33 seconds|
               - Motor was on for 0 minutes and 0 seconds|
               - Receiver type: TRX:2 PWM:8|
               - RX swaps: 0|
               - RX1 use: 0 minutes and 0 seconds|
               - RX2 use: 0 minutes and 31 seconds|
               - Longest gap: 6 ms|
               - Average gap: 5 ms|
               - Average frame rate: 500 fps|
               - Unacknowledged data packets:  8|
               - TX Volts per cell: 8.10|
               - Time since boot: 3 minutes and 2 seconds|
               - (End of this flight log.)|
               - Model memory matched: Test helicopter|
10.51.44 - Connected to Test helicopter|
               - Minimum logged gap: 50 ms|
               - TX Volts per cell: 8.10|
               - Time since boot: 3 minutes and 4 seconds|
               - RX: 1|
10.51.47 - Bank 2|
10.51.48 - Bank 1|
10.52.05 - Disconnected from Test helicopter|
               - Time connected: 0 minutes and 21 seconds|
               - Motor was on for 0 minutes and 0 seconds|
               - Receiver type: TRX:2 PWM:8|
               - RX swaps: 1|
               - RX1 use: 0 minutes and 18 seconds|
               - RX2 use: 0 minutes and 0 seconds|
               - Longest gap: 5 ms|
               - Average gap: 5 ms|
               - Average frame rate: 501 fps|
               - Unacknowledged data packets:  2|
               - TX Volts per cell: 8.09|
               - Time since boot: 3 minutes and 24 seconds|
               - (End of this flight log.)|
               - Model memory matched: Test helicopter|
10.52.06 - Connected to Test helicopter|
               - Minimum logged gap: 50 ms|
               - TX Volts per cell: 8.10|
               - Time since boot: 3 minutes and 26 seconds|
10.52.07 - RX: 2|
10.52.09 - Bank 2|
10.52.10 - Bank 1|
10.52.21 - Disconnected from Test helicopter|
               - Time connected: 0 minutes and 15 seconds|
               - Motor was on for 0 minutes and 0 seconds|
               - Receiver type: TRX:2 PWM:8|
               - RX swaps: 0|
               - RX1 use: 0 minutes and 0 seconds|
               - RX2 use: 0 minutes and 13 seconds|
               - Longest gap: 6 ms|
               - Average gap: 5 ms|
               - Average frame rate: 499 fps|
               - Unacknowledged data packets:  5|
               - TX Volts per cell: 8.10|
               - Time since boot: 3 minutes and 40 seconds|
               - (End of this flight log.)|
               - Model memory matched: Test helicopter|
10.52.22 - Connected to Test helicopter|
               - Minimum logged gap: 50 ms|
               - TX Volts per cell: 8.10|
               - Time since boot: 3 minutes and 42 seconds|
10.52.23 - RX: 2|
10.52.26 - Bank 2|
10.55.13 - Disconnected from Test helicopter|
               - Time connected: 2 minutes and 51 seconds|
               - Motor was on for 0 minutes and 0 seconds|
               - Receiver type: TRX:2 PWM:8|
               - RX swaps: 0|
               - RX1 use: 0 minutes and 0 seconds|
               - RX2 use: 2 minutes and 49 seconds|
               - Longest gap: 6 ms|
               - Average gap: 5 ms|
               - Average frame rate: 500 fps|
               - Unacknowledged data packets:  43|
               - TX Volts per cell: 8.12|
               - Time since boot: 6 minutes and 32 seconds|
               - (End of this flight log.)|
               - Model memory matched: Test helicopter|
10.55.14 - Connected to Test helicopter|
               - Minimum logged gap: 50 ms|
               - TX Volts per cell: 8.12|
               - Time since boot: 6 minutes and 34 seconds|
10.55.15 - RX: 2|
               - Gap: 111|
10.55.28 - Disconnected from Test helicopter|
               - Time connected: 0 minutes and 14 seconds|
               - Motor was on for 0 minutes and 0 seconds|
               - Receiver type: TRX:2 PWM:8|
               - RX swaps: 0|
               - RX1 use: 0 minutes and 0 seconds|
               - RX2 use: 0 minutes and 12 seconds|
               - Longest gap: 6 ms|
               - Average gap: 5 ms|
               - Average frame rate: 499 fps|
               - Unacknowledged data packets:  6|
               - TX Volts per cell: 8.10|
               - Time since boot: 6 minutes and 48 seconds|
               - (End of this flight log.)|
               - Model memory matched: Test helicopter|
10.55.30 - Connected to Test helicopter|
               - Minimum logged gap: 50 ms|
               - TX Volts per cell: 8.10|
               - Time since boot: 6 minutes and 49 seconds|
               - RX: 2|
10.55.34 - Bank 3|
10.55.45 - Bank 2|
10.55.49 - Bank 3|
10.55.51 - Bank 2|
10.56.23 - Disconnected from Test helicopter|
               - Time connected: 0 minutes and 54 seconds|
               - Motor was on for 0 minutes and 0 seconds|
               - Receiver type: TRX:2 PWM:8|
               - RX swaps: 0|
               - RX1 use: 0 minutes and 0 seconds|
               - RX2 use: 0 minutes and 52 seconds|
               - Longest gap: 6 ms|
               - Average gap: 5 ms|
               - Average frame rate: 500 fps|
               - Unacknowledged data packets:  11|
               - TX Volts per cell: 8.09|
               - Time since boot: 7 minutes and 42 seconds|
               - (End of this flight log.)|
               - Model memory matched: Test helicopter|
10.56.25 - Connected to Test helicopter|
               - Minimum logged gap: 50 ms|
               - TX Volts per cell: 8.10|
               - Time since boot: 7 minutes and 44 seconds|
               - RX: 2|
10.56.26 - Bank 2|
10.56.44 - Disconnected from Test helicopter|
               - Time connected: 0 minutes and 19 seconds|
               - Motor was on for 0 minutes and 0 seconds|
               - Receiver type: TRX:2 PWM:8|
               - RX swaps: 0|
               - RX1 use: 0 minutes and 0 seconds|
               - RX2 use: 0 minutes and 17 seconds|
               - Longest gap: 5 ms|
               - Average gap: 5 ms|
               - Average frame rate: 501 fps|
               - Unacknowledged data packets:  1|
               - TX Volts per cell: 8.10|
               - Time since boot: 8 minutes and 3 seconds|
               - (End of this flight log.)|
               - Model memory matched: Test helicopter|
10.56.45 - Connected to Test helicopter|
               - Minimum logged gap: 50 ms|
               - TX Volts per cell: 8.10|
               - Time since boot: 8 minutes and 5 seconds|
               - RX: 1|
10.56.46 - Bank 3|
10.56.49 - Bank 2|
10.57.09 - Disconnected from Test helicopter|
               - Time connected: 0 minutes and 24 seconds|
               - Motor was on for 0 minutes and 0 seconds|
               - Receiver type: TRX:2 PWM:8|
               - RX swaps: 1|
               - RX1 use: 0 minutes and 21 seconds|
               - RX2 use: 0 minutes and 0 seconds|
               - Longest gap: 5 ms|
               - Average gap: 5 ms|
               - Average frame rate: 501 fps|
               - Unacknowledged data packets:  2|
               - TX Volts per cell: 8.10|
               - Time since boot: 8 minutes and 29 seconds|
               - (End of this flight log.)|
               - Model memory matched: Test helicopter|
10.57.11 - Connected to Test helicopter|
               - Minimum logged gap: 50 ms|
               - TX Volts per cell: 8.10|
               - Time since boot: 8 minutes and 30 seconds|
               - RX: 2|
10.57.13 - Bank 3|
10.57.16 - Bank 2|
10.57.53 - Disconnected from Test helicopter|
               - Time connected: 0 minutes and 43 seconds|
               - Motor was on for 0 minutes and 0 seconds|
               - Receiver type: TRX:2 PWM:8|
               - RX swaps: 0|
               - RX1 use: 0 minutes and 0 seconds|
               - RX2 use: 0 minutes and 40 seconds|
               - Longest gap: 6 ms|
               - Average gap: 5 ms|
               - Average frame rate: 501 fps|
               - Unacknowledged data packets:  8|
               - TX Volts per cell: 8.10|
               - Time since boot: 9 minutes and 13 seconds|
               - (End of this flight log.)|
               - Model memory matched: Test helicopter|
10.57.55 - Connected to Test helicopter|
               - Minimum logged gap: 50 ms|
               - TX Volts per cell: 8.09|
               - Time since boot: 9 minutes and 14 seconds|
               - RX: 2|
10.57.57 - Bank 3|
10.57.59 - Bank 2|
10.58.39 - Disconnected from Test helicopter|
               - Time connected: 0 minutes and 45 seconds|
               - Motor was on for 0 minutes and 0 seconds|
               - Receiver type: TRX:2 PWM:8|
               - RX swaps: 0|
               - RX1 use: 0 minutes and 0 seconds|
               - RX2 use: 0 minutes and 43 seconds|
               - Longest gap: 6 ms|
               - Average gap: 5 ms|
               - Average frame rate: 501 fps|
               - Unacknowledged data packets:  12|
               - TX Volts per cell: 8.09|
               - Time since boot: 9 minutes and 59 seconds|
               - (End of this flight log.)|
               - Model memory matched: Test helicopter|
10.58.41 - Connected to Test helicopter|
               - Minimum logged gap: 50 ms|
               - TX Volts per cell: 8.10|
               - Time since boot: 10 minutes and 1 second|
               - RX: 2|
10.58.43 - Bank 3|
10.58.46 - Bank 2|
10.58.47 - Bank 3|
10.58.48 - Bank 2|
10.58.57 - Disconnected from Test helicopter|
               - Time connected: 0 minutes and 17 seconds|
               - Motor was on for 0 minutes and 0 seconds|
               - Receiver type: TRX:2 PWM:8|
               - RX swaps: 0|
               - RX1 use: 0 minutes and 0 seconds|
               - RX2 use: 0 minutes and 14 seconds|
               - Longest gap: 6 ms|
               - Average gap: 5 ms|
               - Average frame rate: 499 fps|
               - Unacknowledged data packets:  3|
               - TX Volts per cell: 8.09|
               - Time since boot: 10 minutes and 17 seconds|
               - (End of this flight log.)|
               - Model memory matched: Test helicopter|
10.58.59 - Connected to Test helicopter|
               - Minimum logged gap: 50 ms|
               - TX Volts per cell: 8.09|
               - Time since boot: 10 minutes and 18 seconds|
               - RX: 2|
10.59.02 - Bank 3|
11.00.58 - Disconnected from Test helicopter|
               - Time connected: 2 minutes and 0 second|
               - Motor was on for 0 minutes and 0 seconds|
               - Receiver type: TRX:2 PWM:8|
               - RX swaps: 0|
               - RX1 use: 0 minutes and 0 seconds|
               - RX2 use: 1 minutes and 58 seconds|
               - Longest gap: 15 ms|
               - Average gap: 6 ms|
               - Average frame rate: 501 fps|
               - Unacknowledged data packets:  15|
               - TX Volts per cell: 8.09|
               - Time since boot: 12 minutes and 18 seconds|
               - (End of this flight log.)|
               - Model memory matched: Test helicopter|
11.01.00 - Connected to Test helicopter|
               - Minimum logged gap: 50 ms|
               - TX Volts per cell: 8.09|
               - Time since boot: 12 minutes and 20 seconds|
               - RX: 2|
11.01.02 - Bank 2|
11.01.07 - Bank 3|
11.01.12 - Bank 2|
               - Bank 1|
11.01.14 - Bank 4|
11.01.15 - Bank 1|
11.01.17 - Bank 3|
11.01.21 - Bank 2|
               - Bank 1|
11.01.29 - Bank 2|
11.01.30 - Bank 3|
11.01.32 - Bank 2|
               - Bank 1|
11.01.42 - Bank 2|
               - Bank 3|
11.01.43 - Bank 2|
11.01.48 - Disconnected from Test helicopter|
               - Time connected: 0 minutes and 48 seconds|
               - Motor was on for 0 minutes and 0 seconds|
               - Receiver type: TRX:2 PWM:8|
               - RX swaps: 0|
               - RX1 use: 0 minutes and 0 seconds|
               - RX2 use: 0 minutes and 46 seconds|
               - Longest gap: 16 ms|
               - Average gap: 6 ms|
               - Average frame rate: 497 fps|
               - Unacknowledged data packets:  39|
               - TX Volts per cell: 8.09|
               - Time since boot: 13 minutes and 8 seconds|
               - (End of this flight log.)|
               - Model memory matched: Test helicopter|
11.01.50 - Connected to Test helicopter|
               - Minimum logged gap: 50 ms|
               - TX Volts per cell: 8.09|
               - Time since boot: 13 minutes and 9 seconds|
               - RX: 2|
11.01.53 - Bank 3|
11.01.58 - Bank 2|
11.02.03 - Bank 3|
11.08.20 - Disconnected from Test helicopter|
               - Time connected: 6 minutes and 31 seconds|
               - Motor was on for 0 minutes and 0 seconds|
               - Receiver type: TRX:2 PWM:8|
               - RX swaps: 0|
               - RX1 use: 0 minutes and 0 seconds|
               - RX2 use: 6 minutes and 29 seconds|
               - Longest gap: 15 ms|
               - Average gap: 5 ms|
               - Average frame rate: 500 fps|
               - Unacknowledged data packets:  66|
               - TX Volts per cell: 8.11|
               - Time since boot: 19 minutes and 40 seconds|
               - (End of this flight log.)|
               - Model memory matched: Test helicopter|
11.08.22 - Connected to Test helicopter|
               - Minimum logged gap: 50 ms|
               - TX Volts per cell: 8.11|
               - Time since boot: 19 minutes and 41 seconds|
               - RX: 2|
11.08.23 - Bank 2|
11.08.26 - Bank 1|
11.08.28 - Bank 3|
11.08.59 - Disconnected from Test helicopter|
               - Time connected: 0 minutes and 37 seconds|
               - Motor was on for 0 minutes and 0 seconds|
               - Receiver type: TRX:2 PWM:8|
               - RX swaps: 0|
               - RX1 use: 0 minutes and 0 seconds|
               - RX2 use: 0 minutes and 35 seconds|
               - Longest gap: 6 ms|
               - Average gap: 6 ms|
               - Average frame rate: 501 fps|
               - Unacknowledged data packets:  1|
               - TX Volts per cell: 8.08|
               - Time since boot: 20 minutes and 18 seconds|
               - (End of this flight log.)|
               - Model memory matched: Test helicopter|
11.09.00 - Connected to Test helicopter|
               - Minimum logged gap: 50 ms|
               - TX Volts per cell: 8.09|
               - Time since boot: 20 minutes and 20 seconds|
               - RX: 2|
11.09.03 - Bank 2|
11.09.06 - Bank 1|
11.09.07 - Bank 3|
11.09.09 - Bank 2|
               - Bank 1|
11.09.11 - Bank 2|
11.09.19 - Bank 3|
11.09.20 - Bank 2|
               - Bank 1|
11.20.13 - Disconnected from Test helicopter|
               - Time connected: 11 minutes and 13 seconds|
               - Motor was on for 0 minutes and 0 seconds|
               - Receiver type: TRX:2 PWM:8|
               - RX swaps: 0|
               - RX1 use: 0 minutes and 0 seconds|
               - RX2 use: 11 minutes and 11 seconds|
               - Longest gap: 15 ms|
               - Average gap: 5 ms|
               - Average frame rate: 500 fps|
               - Unacknowledged data packets:  26|
               - TX Volts per cell: 8.09|
               - Time since boot: 31 minutes and 32 seconds|
               - (End of this flight log.)|
               - Model memory matched: Test helicopter|
11.20.15 - Connected to Test helicopter|
               - Minimum logged gap: 50 ms|
               - TX Volts per cell: 8.10|
               - Time since boot: 31 minutes and 34 seconds|
               - RX: 2|
               - Model memory matched: Test helicopter|
11.21.57 - Connected to Test helicopter|
               - Minimum logged gap: 50 ms|
               - TX Volts per cell: 8.08|
               - Time since boot: 0 minutes and 4 seconds|
               - RX: 1|
               - Model memory matched: Test helicopter|
11.22.42 - Connected to Test helicopter|
               - Minimum logged gap: 50 ms|
               - TX Volts per cell: 8.08|
               - Time since boot: 0 minutes and 4 seconds|
               - RX: 1|
11.23.45 - Disconnected from Test helicopter|
               - Time connected: 1 minute and 4 seconds|
               - Motor was on for 0 minutes and 0 seconds|
               - Receiver type: TRX:2 PWM:8|
               - RX swaps: 1|
               - RX1 use: 1 minutes and 38 seconds|
               - RX2 use: 1 minutes and 35 seconds|
               - Longest gap: 15 ms|
               - Average gap: 5 ms|
               - Average frame rate: 495 fps|
               - Unacknowledged data packets:  132|
               - TX Volts per cell: 8.07|
               - Time since boot: 1 minute and 8 seconds|
               - (End of this flight log.)|
               - Model memory found: OMPYELLOW|
11.23.54 - Connected to OMPYELLOW|
               - Minimum logged gap: 50 ms|
               - TX Volts per cell: 8.08|
               - Time since boot: 1 minute and 17 seconds|
11.23.55 - RX: 1|
               - Gap: 112|
11.23.57 - Gap: 124|
11.24.17 - Disconnected from OMPYELLOW|
               - Time connected: 0 minutes and 23 seconds|
               - Motor was on for 0 minutes and 0 seconds|
               - Receiver type: TRX:1 PWM:8|
               - RX swaps: 0|
               - RX1 use: 0 minutes and 22 seconds|
               - RX2 use: 0 minutes and 0 seconds|
               - Longest gap: 6 ms|
               - Average gap: 5 ms|
               - Average frame rate: 493 fps|
               - Unacknowledged data packets:  47|
               - TX Volts per cell: 8.08|
               - Time since boot: 1 minute and 39 seconds|
               - (End of this flight log.)|
               - Model memory matched: OMPYELLOW|
11.24.20 - Connected to OMPYELLOW|
               - Minimum logged gap: 50 ms|
               - TX Volts per cell: 8.08|
               - Time since boot: 1 minute and 42 seconds|
11.24.21 - Gap: 350|
               - RX: 1|
11.24.27 - Disconnected from OMPYELLOW|
               - Time connected: 0 minutes and 7 seconds|
               - Motor was on for 0 minutes and 0 seconds|
               - Receiver type: TRX:1 PWM:8|
               - RX swaps: 0|
               - RX1 use: 0 minutes and 6 seconds|
               - RX2 use: 0 minutes and 0 seconds|
               - Longest gap: 5 ms|
               - Average gap: 5 ms|
               - Average frame rate: 492 fps|
               - Unacknowledged data packets:  1|
               - TX Volts per cell: 8.08|
               - Time since boot: 1 minute and 49 seconds|
               - (End of this flight log.)|
               - Model memory matched: OMPYELLOW|
11.24.41 - Connected to OMPYELLOW|
               - Minimum logged gap: 50 ms|
               - TX Volts per cell: 8.08|
               - Time since boot: 2 minutes and 3 seconds|
               - RX: 1|
11.24.45 - Bank 4|
11.25.13 - Disconnected from OMPYELLOW|
               - Time connected: 0 minutes and 32 seconds|
               - Motor was on for 0 minutes and 0 seconds|
               - Receiver type: TRX:1 PWM:8|
               - RX swaps: 0|
               - RX1 use: 0 minutes and 32 seconds|
               - RX2 use: 0 minutes and 0 seconds|
               - Longest gap: 6 ms|
               - Average gap: 5 ms|
               - Average frame rate: 487 fps|
               - Unacknowledged data packets:  2|
               - RX Volts per cell: 3.85|
               - TX Volts per cell: 8.07|
               - Time since boot: 2 minutes and 35 seconds|
               - (End of this flight log.)|
               - Model memory found: OMPPINK|
11.26.16 - Connected to OMPPINK|
               - Minimum logged gap: 50 ms|
               - RX Volts per cell: 3.85|
               - TX Volts per cell: 8.08|
               - Time since boot: 3 minutes and 38 seconds|
               - RX: 1|
11.26.18 - Gap: 87 |
11.26.59 - Disconnected from OMPPINK|
               - Time connected: 0 minutes and 44 seconds|
               - Motor was on for 0 minutes and 0 seconds|
               - Receiver type: TRX:1 PWM:8|
               - RX swaps: 0|
               - RX1 use: 0 minutes and 43 seconds|
               - RX2 use: 0 minutes and 0 seconds|
               - Longest gap: 0 ms|
               - Average gap: 0 ms|
               - Average frame rate: 502 fps|
               - Unacknowledged data packets:  0|
               - RX Volts per cell: 3.85|
               - TX Volts per cell: 8.08|
               - Time since boot: 4 minutes and 21 seconds|
               - (End of this flight log.)|
               - Model memory matched: OMPPINK|
11.27.02 - Connected to OMPPINK|
               - Minimum logged gap: 50 ms|
               - RX Volts per cell: 3.85|
               - TX Volts per cell: 8.10|
               - Time since boot: 4 minutes and 24 seconds|
               - Gap: 111|
               - RX: 1|
11.27.40 - Disconnected from OMPPINK|
               - Time connected: 0 minutes and 39 seconds|
               - Motor was on for 0 minutes and 0 seconds|
               - Receiver type: TRX:1 PWM:8|
               - RX swaps: 0|
               - RX1 use: 0 minutes and 38 seconds|
               - RX2 use: 0 minutes and 0 seconds|
               - Longest gap: 9 ms|
               - Average gap: 6 ms|
               - Average frame rate: 490 fps|
               - Unacknowledged data packets:  27|
               - RX Volts per cell: 3.86|
               - TX Volts per cell: 8.08|
               - Time since boot: 5 minutes and 3 seconds|
               - (End of this flight log.)|
11.27.58 - Gap: 460|
               - Model memory matched: OMPPINK|
11.27.59 - Connected to OMPPINK|
               - Minimum logged gap: 50 ms|
               - TX Volts per cell: 8.07|
               - Time since boot: 0 minutes and 6 seconds|
               - RX: 1|
11.29.21 - Disconnected from OMPPINK|
               - Time connected: 1 minute and 23 seconds|
               - Motor was on for 0 minutes and 0 seconds|
               - Receiver type: TRX:1 PWM:8|
               - RX swaps: 0|
               - RX1 use: 1 minutes and 22 seconds|
               - RX2 use: 0 minutes and 0 seconds|
               - Longest gap: 9 ms|
               - Average gap: 6 ms|
               - Average frame rate: 495 fps|
               - Unacknowledged data packets:  25|
               - RX Volts per cell: 3.85|
               - TX Volts per cell: 8.07|
               - Time since boot: 1 minute and 28 seconds|
               - (End of this flight log.)|
               - Model memory found: OMPYELLOW|
11.38.23 - Connected to OMPYELLOW|
               - Minimum logged gap: 50 ms|
               - TX Volts per cell: 8.07|
               - Time since boot: 0 minutes and 10 seconds|
               - Gap: 201|
               - RX: 1|
               - Model memory matched: OMPYELLOW|
11.39.34 - Connected to OMPYELLOW|
               - Minimum logged gap: 50 ms|
               - TX Volts per cell: 8.07|
               - Time since boot: 0 minutes and 4 seconds|
               - RX: 1|
               - Model memory matched: OMPYELLOW|
11.40.43 - Connected to OMPYELLOW|
               - Minimum logged gap: 50 ms|
               - TX Volts per cell: 8.06|
               - Time since boot: 0 minutes and 4 seconds|
11.40.44 - RX: 1|
               - Model memory matched: OMPYELLOW|
11.41.58 - Connected to OMPYELLOW|
               - Minimum logged gap: 50 ms|
               - TX Volts per cell: 8.07|
               - Time since boot: 0 minutes and 4 seconds|
               - RX: 1|
               - Model memory matched: OMPYELLOW|
11.42.29 - Connected to OMPYELLOW|
               - Minimum logged gap: 50 ms|
               - TX Volts per cell: 8.07|
               - Time since boot: 0 minutes and 4 seconds|
               - RX: 1|
               - Model memory matched: OMPYELLOW|
11.43.05 - Connected to OMPYELLOW|
               - Minimum logged gap: 50 ms|
               - TX Volts per cell: 8.06|
               - Time since boot: 0 minutes and 4 seconds|
               - RX: 1|
               - Model memory matched: OMPYELLOW|
11.44.16 - Connected to OMPYELLOW|
               - Minimum logged gap: 50 ms|
               - TX Volts per cell: 8.07|
               - Time since boot: 0 minutes and 4 seconds|
11.44.17 - Gap: 535|
               - RX: 1|
               - Model memory matched: OMPYELLOW|
11.46.08 - Connected to OMPYELLOW|
               - Minimum logged gap: 50 ms|
               - TX Volts per cell: 8.07|
               - Time since boot: 0 minutes and 4 seconds|
               - RX: 1|
11.46.31 - Gap: 62 |
               - Model memory matched: OMPYELLOW|
11.46.33 - Connected to OMPYELLOW|
               - Minimum logged gap: 50 ms|
               - TX Volts per cell: 8.07|
               - Time since boot: 0 minutes and 4 seconds|
               - RX: 1|
               - Gap: 270|
               - Model memory matched: OMPYELLOW|
11.47.39 - Connected to OMPYELLOW|
               - Minimum logged gap: 50 ms|
               - TX Volts per cell: 8.06|
               - Time since boot: 0 minutes and 4 seconds|
               - RX: 1|
               - Model memory matched: OMPYELLOW|
11.49.03 - Connected to OMPYELLOW|
               - Minimum logged gap: 50 ms|
               - TX Volts per cell: 8.06|
               - Time since boot: 0 minutes and 4 seconds|
               - RX: 1|
11.49.57 - Disconnected from OMPYELLOW|
               - Time connected: 0 minutes and 54 seconds|
               - Motor was on for 0 minutes and 0 seconds|
               - Receiver type: TRX:1 PWM:8|
               - RX swaps: 0|
               - RX1 use: 10 minutes and 17 seconds|
               - RX2 use: 0 minutes and 0 seconds|
               - Longest gap: 0 ms|
               - Average gap: 0 ms|
               - Average frame rate: 501 fps|
               - Unacknowledged data packets:  0|
               - RX Volts per cell: 3.80|
               - TX Volts per cell: 8.06|
               - Time since boot: 0 minutes and 58 seconds|
               - (End of this flight log.)|
               - Model memory matched: OMPYELLOW|
11.55.25 - Connected to OMPYELLOW|
               - Minimum logged gap: 50 ms|
               - TX Volts per cell: 8.06|
               - Time since boot: 0 minutes and 13 seconds|
               - RX: 1|
11.55.30 - Disconnected from OMPYELLOW|
               - Time connected: 0 minutes and 5 seconds|
               - Motor was on for 0 minutes and 0 seconds|
               - Receiver type: TRX:1 PWM:8|
               - RX swaps: 0|
               - RX1 use: 0 minutes and 4 seconds|
               - RX2 use: 0 minutes and 0 seconds|
               - Longest gap: 6450 ms|
               - Average gap: 2163 ms|
               - Average frame rate: 100 fps|
               - Unacknowledged data packets:  1460|
               - RX Volts per cell: 3.83|
               - TX Volts per cell: 8.07|
               - Time since boot: 0 minutes and 17 seconds|
               - (End of this flight log.)|
               - Model memory found: Black Thunder 2|
12.46.59 - Connected to Black Thunder 2|
               - Minimum logged gap: 50 ms|
               - TX Volts per cell: 8.07|
               - Time since boot: 0 minutes and 16 seconds|
               - RX: 1|
               - Gap: 111|
12.47.04 - Bank 1|
12.47.11 - Bank 2|
12.47.12 - Bank 3|
12.47.13 - Bank 1|
12.47.48 - Disconnected from Black Thunder 2|
               - Time connected: 0 minutes and 50 seconds|
               - Motor was on for 0 minutes and 0 seconds|
               - Receiver type: TRX:2 PWM:8|
               - Max Current: 0.50 Amps|
               - Max ESC Temp: 23.00 C.|
               - Total mAh used: 5.00 mAh|
               - RX swaps: 1|
               - RX1 use: 0 minutes and 47 seconds|
               - RX2 use: 0 minutes and 1 seconds|
               - Longest gap: 16 ms|
               - Average gap: 5 ms|
               - Average frame rate: 490 fps|
               - Unacknowledged data packets:  62|
               - RX Volts per cell: 3.84|
               - TX Volts per cell: 8.07|
               - Time since boot: 1 minute and 6 seconds|
               - (End of this flight log.)|
               - Model memory matched: Black Thunder 2|
12.47.50 - Connected to Black Thunder 2|
               - Minimum logged gap: 50 ms|
               - RX Volts per cell: 3.84|
               - TX Volts per cell: 8.07|
               - Time since boot: 1 minute and 8 seconds|
               - RX: 1|
12.47.56 - Bank 2|
12.47.57 - Bank 3|
12.47.58 - Bank 1|
12.48.26 - Bank 4|
12.48.29 - Motor On |
               - Bank 1|
12.48.45 - Safety On |
               - Motor Off|
               - Bank 4|
12.49.02 - Disconnected from Black Thunder 2|
               - Time connected: 1 minute and 13 seconds|
               - Motor was on for 0 minutes and 14 seconds|
               - Receiver type: TRX:2 PWM:8|
               - Max Current: 0.60 Amps|
               - Max ESC Temp: 24.00 C.|
               - Total mAh used: 16.00 mAh|
               - RX swaps: 1|
               - RX1 use: 1 minutes and 9 seconds|
               - RX2 use: 0 minutes and 0 seconds|
               - Longest gap: 16 ms|
               - Average gap: 7 ms|
               - Average frame rate: 499 fps|
               - Unacknowledged data packets:  30|
               - RX Volts per cell: 3.28|
               - TX Volts per cell: 8.06|
               - Time since boot: 2 minutes and 20 seconds|
               - (End of this flight log.)|
               - Model memory matched: Black Thunder 2|
12.49.13 - Connected to Black Thunder 2|
               - Minimum logged gap: 50 ms|
               - RX Volts per cell: 3.28|
               - TX Volts per cell: 8.07|
               - Time since boot: 2 minutes and 31 seconds|
               - RX: 2|
12.49.17 - 'Stop flying' warning issued!|
               - RX Volts per cell: 3.28|
12.49.23 - Safety Off|
12.49.24 - Motor On |
               - Bank 1|
12.49.44 - Bank 2|
12.49.47 - Bank 3|
12.49.49 - Bank 2|
12.49.50 - Bank 1|
12.49.58 - Safety On |
               - Motor Off|
               - Bank 4|
12.50.05 - Safety Off|
12.50.06 - Motor On |
               - Bank 1|
12.50.14 - Safety On |
               - Motor Off|
               - Bank 4|
12.50.29 - Disconnected from Black Thunder 2|
               - Time connected: 1 minute and 16 seconds|
               - Motor was on for 0 minutes and 40 seconds|
               - Receiver type: TRX:2 PWM:8|
               - Max Current: 7.30 Amps|
               - Max ESC Temp: 26.00 C.|
               - Max Head speed: 1742 RPM|
               - Total mAh used: 37.00 mAh|
               - RX swaps: 0|
               - RX1 use: 0 minutes and 0 seconds|
               - RX2 use: 1 minutes and 15 seconds|
               - Longest gap: 15 ms|
               - Average gap: 7 ms|
               - Average frame rate: 500 fps|
               - Unacknowledged data packets:  20|
               - RX Volts per cell: 3.83|
               - TX Volts per cell: 8.06|
               - Time since boot: 3 minutes and 46 seconds|
               - (End of this flight log.)|
               - Model memory matched: Black Thunder 2|
12.57.21 - Connected to Black Thunder 2|
               - Minimum logged gap: 50 ms|
               - TX Volts per cell: 8.06|
               - Time since boot: 0 minutes and 12 seconds|
               - RX: 1|
12.57.31 - Disconnected from Black Thunder 2|
               - Time connected: 0 minutes and 10 seconds|
               - Motor was on for 0 minutes and 0 seconds|
               - Receiver type: TRX:2 PWM:8|
               - RX swaps: 1|
               - RX1 use: 0 minutes and 7 seconds|
               - RX2 use: 0 minutes and 1 seconds|
               - Longest gap: 0 ms|
               - Average gap: 0 ms|
               - Average frame rate: 500 fps|
               - Unacknowledged data packets:  0|
               - TX Volts per cell: 8.06|
               - Time since boot: 0 minutes and 21 seconds|
               - (End of this flight log.)|
               - Model memory matched: Black Thunder 2|
12.57.42 - Connected to Black Thunder 2|
               - Minimum logged gap: 50 ms|
               - TX Volts per cell: 8.06|
               - Time since boot: 0 minutes and 33 seconds|
               - RX: 2|
12.58.06 - Disconnected from Black Thunder 2|
               - Time connected: 0 minutes and 25 seconds|
               - Motor was on for 0 minutes and 0 seconds|
               - Receiver type: TRX:2 PWM:8|
               - Max Current: 0.50 Amps|
               - Max ESC Temp: 25.00 C.|
               - Total mAh used: 1.00 mAh|
               - RX swaps: 0|
               - RX1 use: 0 minutes and 0 seconds|
               - RX2 use: 0 minutes and 23 seconds|
               - Longest gap: 6 ms|
               - Average gap: 6 ms|
               - Average frame rate: 501 fps|
               - Unacknowledged data packets:  1|
               - RX Volts per cell: 3.41|
               - TX Volts per cell: 8.06|
               - Time since boot: 0 minutes and 57 seconds|
               - (End of this flight log.)|
               - Model memory matched: Black Thunder 2|
12.58.18 - Connected to Black Thunder 2|
               - Minimum logged gap: 50 ms|
               - RX Volts per cell: 3.41|
               - TX Volts per cell: 8.06|
               - Time since boot: 1 minute and 8 seconds|
               - RX: 2|
12.58.26 - Motor On |
               - Bank 1|
12.58.35 - Safety On |
               - Motor Off|
12.58.38 - Safety Off|
               - Motor On |
12.58.51 - Safety On |
               - Motor Off|
               - Bank 4|
12.59.00 - Safety Off|
12.59.02 - Motor On |
               - Bank 1|
12.59.11 - Bank 4|
               - Motor Off|
12.59.13 - Motor On |
               - Bank 1|
12.59.21 - Safety On |
               - Motor Off|
12.59.23 - Safety Off|
               - Motor On |
12.59.30 - Bank 4|
               - Safety On |
               - Motor Off|
12.59.44 - Safety Off|
12.59.47 - Safety On |
12.59.52 - Safety Off|
12.59.53 - Motor On |
               - Bank 1|
13.00.00 - Safety On |
               - Motor Off|
               - Bank 4|
13.00.12 - Safety Off|
               - Motor On |
               - Bank 1|
13.00.25 - Motor running for 1 minute|
               - RX Volts per cell: 3.82|
               - Head speed: 377 RPM|
13.00.32 - Bank 2|
13.00.34 - Bank 3|
13.00.37 - Bank 4|
13.00.43 - Motor Off|
13.00.45 - Safety On |
13.01.33 - Disconnected from Black Thunder 2|
               - Time connected: 3 minutes and 15 seconds|
               - Motor was on for 1 minutes and 17 seconds|
               - Receiver type: TRX:2 PWM:8|
               - Max Current: 7.00 Amps|
               - Max ESC Temp: 29.00 C.|
               - Max Head speed: 1740 RPM|
               - Total mAh used: 48.00 mAh|
               - RX swaps: 0|
               - RX1 use: 0 minutes and 0 seconds|
               - RX2 use: 3 minutes and 14 seconds|
               - Longest gap: 16 ms|
               - Average gap: 6 ms|
               - Average frame rate: 500 fps|
               - Unacknowledged data packets:  35|
               - RX Volts per cell: 3.60|
               - TX Volts per cell: 8.05|
               - Time since boot: 4 minutes and 23 seconds|
               - (End of this flight log.)|
13.02.03 - Safety Off|
13.02.08 - Safety On |
13.02.27 - Safety Off|
13.02.28 - Safety On |
13.02.29 - Safety Off|
13.02.31 - Safety On |
               - Safety Off|
13.02.32 - Safety On |
               - Model memory matched: Black Thunder 2|
13.07.09 - Connected to Black Thunder 2|
               - Minimum logged gap: 50 ms|
               - RX Volts per cell: 3.60|
               - TX Volts per cell: 8.05|
               - Time since boot: 9 minutes and 59 seconds|
               - RX: 2|
13.07.12 - Bank 4|
13.07.16 - Safety Off|
13.07.17 - Motor On |
               - Bank 1|
13.07.37 - Bank 2|
13.07.38 - Bank 3|
13.07.39 - Bank 2|
13.07.40 - Bank 1|
13.07.43 - Safety On |
               - Motor Off|
               - Bank 4|
13.07.48 - RX: 1|
13.08.01 - Disconnected from Black Thunder 2|
               - Time connected: 0 minutes and 53 seconds|
               - Motor was on for 0 minutes and 25 seconds|
               - Receiver type: TRX:2 PWM:8|
               - Max Current: 7.70 Amps|
               - Max ESC Temp: 29.00 C.|
               - Max Head speed: 1740 RPM|
               - Total mAh used: 29.00 mAh|
               - RX swaps: 1|
               - RX1 use: 0 minutes and 11 seconds|
               - RX2 use: 0 minutes and 40 seconds|
               - Longest gap: 15 ms|
               - Average gap: 5 ms|
               - Average frame rate: 502 fps|
               - Unacknowledged data packets:  20|
               - RX Volts per cell: 3.46|
               - TX Volts per cell: 8.04|
               - Time since boot: 10 minutes and 52 seconds|
               - (End of this flight log.)|
13.08.41 - Safety Off|
13.08.42 - Safety On |
13.41.01 - RX: 2|
13.41.36 - RX: 1|
13.41.43 - RX: 2|
               - RX: 1|
               - RX: 2|
               - RX: 1|
13.41.48 - RX: 2|
13.41.49 - Bank 4|
13.41.50 - RX: 1|
13.41.55 - RX: 2|
13.42.21 - RX: 1|
13.42.24 - RX: 2|
13.42.31 - Bank 1|
13.42.34 - Bank 2|
13.42.37 - Bank 3|
13.42.41 - Bank 2|
13.42.43 - Bank 1|
13.42.45 - Bank 2|
13.42.46 - Bank 3|
13.42.48 - Bank 2|
13.42.49 - Bank 1|
13.42.50 - Bank 2|
13.42.51 - Bank 3|
13.42.55 - Bank 2|
13.42.57 - Bank 1|
13.42.58 - Bank 2|
13.43.00 - Bank 3|
13.43.01 - Bank 1|
13.43.05 - Bank 2|
13.43.06 - Bank 3|
13.43.08 - Bank 2|
13.43.10 - Bank 1|
13.43.13 - Bank 2|
13.43.15 - Bank 3|
13.43.16 - Bank 2|
13.43.17 - Bank 1|
13.43.21 - RX: 1|
13.43.22 - Bank 1|
13.43.23 - RX: 2|
13.43.36 - Disconnected from Black Thunder 2|
               - Time connected: 2 minutes and 36 seconds|
               - Motor was on for 0 minutes and 0 seconds|
               - Receiver type: TRX:2 PWM:8|
               - Max Current: 1.10 Amps|
               - Max ESC Temp: 26.00 C.|
               - Total mAh used: 43.00 mAh|
               - RX swaps: 14|
               - RX1 use: 0 minutes and 20 seconds|
               - RX2 use: 2 minutes and 12 seconds|
               - Longest gap: 6 ms|
               - Average gap: 4 ms|
               - Average frame rate: 487 fps|
               - Unacknowledged data packets:  9|
               - RX Volts per cell: 2.74|
               - TX Volts per cell: 8.03|
               - Time since boot: 6 minutes and 31 seconds|
               - (End of this flight log.)|
               - Model memory matched: Whizzy Car|
14.16.59 - Connected to Whizzy Car|
               - Minimum logged gap: 50 ms|
               - TX Volts per cell: 8.01|
               - Time since boot: 2 minutes and 20 seconds|
               - Gap: 95 |
               - RX: 2|
14.17.07 - Bank 1|
               - Safety Off|
               - Motor On |
14.18.08 - Motor running for 1 minute|
               - RX Volts per cell: 3.92|
14.18.12 - Bank 2|
14.19.07 - Safety On |
               - Motor Off|
               - Bank 4|
14.19.28 - Safety Off|
14.19.29 - Motor On |
               - Bank 2|
14.19.31 - Motor running for 2 minutes|
               - RX Volts per cell: 3.87|
14.19.37 - Bank 1|
14.19.49 - RX: 1|
14.20.31 - Motor running for 3 minutes|
               - RX Volts per cell: 3.94|
14.21.31 - Motor running for 4 minutes|
               - RX Volts per cell: 3.94|
14.21.50 - Disconnected from Whizzy Car|
               - Time connected: 4 minutes and 51 seconds|
               - Motor was on for 4 minutes and 16 seconds|
               - Receiver type: TRX:2 PWM:8|
               - RX swaps: 1|
               - RX1 use: 1 minutes and 58 seconds|
               - RX2 use: 2 minutes and 51 seconds|
               - Longest gap: 16 ms|
               - Average gap: 6 ms|
               - Average frame rate: 497 fps|
               - Unacknowledged data packets:  214|
               - RX Volts per cell: 3.94|
               - TX Volts per cell: 8.00|
               - Time since boot: 7 minutes and 10 seconds|
               - (End of this flight log.)|
14.21.54 - Safety On |
               - Model memory found: Whizzy Car|
14.41.06 - Connected to Whizzy Car|
               - Minimum logged gap: 50 ms|
               - TX Volts per cell: 8.01|
               - Time since boot: 0 minutes and 8 seconds|
               - Gap: 121|
14.41.07 - RX: 2|
14.41.10 - Motor On |
               - Bank 1|
14.41.18 - Bank 2|
14.42.10 - Motor running for 1 minute|
               - RX Volts per cell: 3.90|
14.43.10 - Motor running for 2 minutes|
               - RX Volts per cell: 3.92|
14.44.10 - Motor running for 3 minutes|
               - RX Volts per cell: 3.92|
14.44.18 - Disconnected from Whizzy Car|
               - Time connected: 3 minutes and 12 seconds|
               - Motor was on for 3 minutes and 5 seconds|
               - Receiver type: TRX:2 PWM:8|
               - RX swaps: 2|
               - RX1 use: 0 minutes and 0 seconds|
               - RX2 use: 3 minutes and 11 seconds|
               - Longest gap: 16 ms|
               - Average gap: 6 ms|
               - Average frame rate: 496 fps|
               - Unacknowledged data packets:  233|
               - RX Volts per cell: 3.92|
               - TX Volts per cell: 8.00|
               - Time since boot: 3 minutes and 20 seconds|
               - (End of this flight log.)|
14.44.22 - Safety On |
               - Model memory found: Test helicopter|
15.49.08 - Connected to Test helicopter|
               - Minimum logged gap: 50 ms|
               - TX Volts per cell: 8.04|
               - Time since boot: 0 minutes and 20 seconds|
               - RX: 1|
15.49.13 - RX: 2|
15.49.17 - RX: 1|
15.49.18 - RX: 2|
15.49.26 - RX: 1|
               - RX: 2|
16.15.56 - RX: 1|
               - Bank 4|
16.15.57 - RX: 2|
16.15.58 - RX: 1|
16.16.31 - RX: 2|
16.16.32 - Bank 4|
               - RX: 1|
16.16.42 - RX: 2|
16.16.59 - RX: 1|
16.17.00 - Bank 4|
               - RX: 2|
               - Model memory matched: Test helicopter|
16.20.13 - Connected to Test helicopter|
               - Minimum logged gap: 50 ms|
               - TX Volts per cell: 7.96|
               - Time since boot: 0 minutes and 4 seconds|
               - RX: 2|
16.20.14 - Gap: 175|
16.20.15 - RX: 1|
16.20.20 - RX: 2|
16.20.28 - RX: 1|
               - Model memory matched: Test helicopter|
16.22.45 - Connected to Test helicopter|
               - Minimum logged gap: 50 ms|
               - TX Volts per cell: 7.94|
               - Time since boot: 0 minutes and 4 seconds|
               - RX: 2|
16.22.46 - Gap: 175|
16.22.48 - RX: 1|
16.22.54 - RX: 2|
               - RX: 1|
16.22.56 - Bank 4|
               - RX: 2|
16.22.57 - RX: 1|
16.22.59 - RX: 2|
               - Model memory matched: Test helicopter|
16.23.08 - Connected to Test helicopter|
               - Minimum logged gap: 50 ms|
               - TX Volts per cell: 7.95|
               - Time since boot: 0 minutes and 4 seconds|
16.23.09 - Gap: 175|
               - RX: 2|
16.23.10 - RX: 1|
16.23.17 - RX: 2|
16.23.19 - Bank 4|
               - RX: 1|
16.23.21 - RX: 2|
16.23.22 - RX: 1|
               - Model memory matched: Test helicopter|
16.23.32 - Connected to Test helicopter|
               - Minimum logged gap: 50 ms|
               - TX Volts per cell: 7.93|
               - Time since boot: 0 minutes and 5 seconds|
               - RX: 1|
16.23.35 - RX: 2|
16.27.08 - RX: 1|
               - RX: 2|
16.27.09 - RX: 1|
               - Model memory matched: Test helicopter|
16.28.09 - Connected to Test helicopter|
               - Minimum logged gap: 50 ms|
               - TX Volts per cell: 7.95|
               - Time since boot: 0 minutes and 4 seconds|
               - RX: 1|
16.28.10 - Gap: 175|
16.28.18 - RX: 2|
16.28.19 - RX: 1|
               - Model memory matched: Test helicopter|
16.29.25 - Connected to Test helicopter|
               - Minimum logged gap: 50 ms|
               - TX Volts per cell: 7.94|
               - Time since boot: 0 minutes and 4 seconds|
               - RX: 2|
16.29.30 - RX: 1|
16.29.33 - RX: 2|
               - RX: 1|
16.29.37 - RX: 2|
               - RX: 1|
               - RX: 2|
16.29.38 - RX: 1|
               - RX: 2|
               - RX: 1|
16.29.39 - RX: 2|
16.29.40 - Bank 4|
               - RX: 1|
16.29.52 - RX: 2|
16.30.36 - RX: 1|
16.30.38 - RX: 2|
               - Model memory matched: Test helicopter|
16.30.49 - Connected to Test helicopter|
               - Minimum logged gap: 50 ms|
               - TX Volts per cell: 7.94|
               - Time since boot: 0 minutes and 4 seconds|
               - RX: 1|
16.30.50 - Gap: 486|
16.30.55 - RX: 2|
16.31.05 - RX: 1|
16.31.07 - Bank 4|
               - RX: 2|
16.31.08 - RX: 1|
16.31.10 - RX: 2|
               - Model memory matched: Test helicopter|
16.31.19 - Connected to Test helicopter|
               - Minimum logged gap: 50 ms|
               - TX Volts per cell: 7.92|
               - Time since boot: 0 minutes and 4 seconds|
               - Gap: 175|
16.31.20 - RX: 2|
16.31.21 - RX: 1|
16.31.27 - RX: 2|
16.31.28 - Bank 4|
               - RX: 1|
16.33.53 - RX: 2|
16.34.33 - RX: 1|
16.34.36 - Bank 4|
               - RX: 2|
16.34.39 - RX: 1|
16.34.53 - RX: 2|
16.37.25 - RX: 1|
16.37.26 - RX: 2|
               - Model memory matched: Test helicopter|
18.34.25 - Connected to Test helicopter|
               - Minimum logged gap: 50 ms|
               - TX Volts per cell: 7.93|
               - Time since boot: 0 minutes and 4 seconds|
18.34.26 - RX: 2|
               - Model memory matched: Test helicopter|
18.34.48 - Connected to Test helicopter|
               - Minimum logged gap: 50 ms|
               - TX Volts per cell: 7.92|
               - Time since boot: 0 minutes and 4 seconds|
               - Gap: 217|
               - RX: 1|
18.35.06 - Rate: 2|
               - RX: 2|
18.35.12 - Rate: 1|
               - Rate: 2|
18.35.13 - Rate: 3|
18.35.14 - Rate: 2|
18.35.15 - Rate: 1|
               - Rate: 2|
18.35.16 - Rate: 3|
18.35.18 - Rate: 2|
               - Rate: 1|
18.35.23 - Rate: 2|
18.35.24 - Rate: 3|
               - Rate: 2|
18.35.25 - Rate: 1|
18.35.26 - Rate: 2|
               - Rate: 3|
18.35.27 - Rate: 2|
18.35.28 - Rate: 1|
               - Rate: 2|
               - Rate: 3|
18.35.29 - Rate: 2|
18.35.34 - RX: 1|
18.35.39 - RX: 2|
               - RX: 1|
18.35.49 - Disconnected from Test helicopter|
               - Time connected: 1 minute and 2 seconds|
               - Motor was on for 0 minutes and 0 seconds|
               - Receiver type: TRX:2 PWM:8|
               - RX swaps: 89|
               - RX1 use: 7 minutes and 31 seconds|
               - RX2 use: 39 minutes and 12 seconds|
               - Longest gap: 16 ms|
               - Average gap: 6 ms|
               - Average frame rate: 411 fps|
               - Unacknowledged data packets:  148|
               - TX Volts per cell: 7.90|
               - Time since boot: 1 minute and 5 seconds|
               - (End of this flight log.)|
18.35.54 - Rate: 3|
18.35.55 - Rate: 2|
18.35.56 - Rate: 1|
               - Rate: 2|
18.35.57 - Rate: 3|
18.35.58 - Rate: 2|
               - Rate: 1|
               - Rate: 2|
               - Rate: 3|
18.35.59 - Rate: 2|
               - Rate: 1|
               - Model memory matched: Test helicopter|
18.36.10 - Connected to Test helicopter|
               - Minimum logged gap: 50 ms|
               - TX Volts per cell: 7.91|
               - Time since boot: 1 minute and 26 seconds|
               - Gap: 138|
               - RX: 1|
18.36.11 - Gap: 138|
18.36.18 - Rate: 2|
               - Rate: 3|
18.36.19 - Rate: 2|
               - Rate: 1|
18.36.29 - RX: 2|
               - Model memory matched: Test helicopter|
18.41.45 - Connected to Test helicopter|
               - Minimum logged gap: 50 ms|
               - TX Volts per cell: 7.89|
               - Time since boot: 0 minutes and 4 seconds|
               - RX: 1|
18.41.50 - RX: 2|
18.42.09 - RX: 1|
18.42.11 - Bank 4|
               - RX: 2|
18.42.15 - RX: 1|
18.42.24 - Rate: 2|
18.42.25 - Rate: 3|
               - Rate: 2|
               - Rate: 1|
               - Rate: 2|
18.42.26 - Rate: 1|
18.42.27 - Bank 1|
18.42.28 - Bank 2|
18.42.29 - Bank 3|
18.42.30 - Bank 1|
18.42.31 - Rate: 2|
18.42.32 - Rate: 3|
18.42.33 - Rate: 2|
               - Rate: 1|
               - Model memory matched: Test helicopter|
18.46.56 - Connected to Test helicopter|
               - Minimum logged gap: 50 ms|
               - TX Volts per cell: 7.87|
               - Time since boot: 0 minutes and 4 seconds|
               - RX: 2|
               - Model memory matched: Test helicopter|
18.52.07 - Connected to Test helicopter|
               - Minimum logged gap: 50 ms|
               - TX Volts per cell: 7.86|
               - Time since boot: 0 minutes and 4 seconds|
               - RX: 1|
               - Gap: 175|
18.52.14 - RX: 2|
18.52.15 - RX: 1|
               - Model memory matched: Test helicopter|
21.41.06 - Connected to Test helicopter|
               - Minimum logged gap: 50 ms|
               - TX Volts per cell: 7.88|
               - Time since boot: 0 minutes and 4 seconds|
               - RX: 2|
21.41.09 - Rate: 2|
21.41.10 - Rate: 3|
               - Rate: 2|
21.41.11 - Rate: 1|
               - Rate: 2|
               - Rate: 3|
21.41.12 - Rate: 2|
               - Rate: 1|
21.41.13 - Rate: 2|
               - Rate: 3|
21.41.14 - Rate: 2|
               - Rate: 1|
21.41.15 - Rate: 2|
               - Rate: 3|
               - Rate: 2|
               - Rate: 1|
21.41.16 - Rate: 2|
               - Rate: 3|
               - Rate: 2|
21.41.17 - Rate: 1|
21.41.19 - Rate: 2|
21.41.20 - Rate: 3|
               - Rate: 2|
               - Rate: 1|
21.41.21 - Rate: 2|
               - Rate: 3|
               - Rate: 2|
               - Rate: 1|
21.41.23 - Rate: 2|
               - Rate: 3|
               - Rate: 2|
               - Rate: 1|
21.41.24 - Rate: 2|
               - Rate: 3|
               - Rate: 2|
               - Rate: 1|
21.41.26 - Rate: 2|
               - Rate: 3|
               - Rate: 2|
21.41.27 - Rate: 1|
21.41.28 - Rate: 2|
               - Rate: 3|
               - Rate: 2|
               - Rate: 1|
               - Model memory matched: Test helicopter|
21.42.48 - Connected to Test helicopter|
               - Minimum logged gap: 50 ms|
               - TX Volts per cell: 7.86|
               - Time since boot: 0 minutes and 4 seconds|
               - RX: 2|
21.42.50 - Rate: 2|
21.42.51 - Rate: 3|
               - Rate: 2|
               - Rate: 1|
21.42.52 - Bank 2|
21.42.53 - Bank 3|
               - Bank 2|
21.42.54 - Bank 1|
21.43.27 - Rate: 2|
21.43.28 - Rate: 1|
21.43.35 - RX: 1|
21.43.42 - RX: 2|
21.43.43 - Bank 1|
21.43.44 - RX: 1|
21.43.48 - Bank 4|
21.43.49 - Rate: 1|
               - Bank 1|
21.43.52 - Bank 4|
21.43.53 - Rate: 1|
               - Bank 1|
               - Model memory matched: Test helicopter|
21.45.06 - Connected to Test helicopter|
               - Minimum logged gap: 50 ms|
               - TX Volts per cell: 7.84|
               - Time since boot: 0 minutes and 4 seconds|
               - Gap: 174|
               - RX: 1|
21.45.08 - Rate: 2|
               - Bank 2|
21.45.09 - Rate: 3|
               - Bank 3|
21.45.10 - Rate: 2|
               - Bank 2|
21.45.11 - Rate: 1|
               - Bank 1|
               - Rate: 2|
               - Bank 2|
21.45.12 - Rate: 3|
               - Bank 3|
21.45.14 - Rate: 2|
               - Bank 2|
               - Rate: 1|
               - Bank 1|
21.45.15 - Rate: 2|
               - Bank 2|
21.45.16 - Rate: 3|
               - Bank 3|
21.45.17 - Rate: 2|
               - Bank 2|
               - Rate: 1|
21.45.18 - Bank 1|
21.45.20 - Rate: 2|
               - Bank 2|
21.45.21 - Rate: 3|
               - Bank 3|
21.45.23 - Rate: 2|
               - Bank 2|
21.45.25 - Rate: 1|
               - Bank 1|
21.45.26 - Rate: 2|
               - Bank 2|
               - Rate: 3|
               - Bank 3|
21.45.27 - Rate: 2|
               - Bank 2|
               - Rate: 1|
               - Bank 1|
21.45.31 - Rate: 2|
               - Bank 2|
               - Rate: 3|
               - Bank 3|
               - Rate: 2|
               - Bank 2|
               - Rate: 1|
               - Bank 1|
21.45.33 - Rate: 2|
               - Bank 2|
               - Rate: 3|
               - Bank 3|
               - Rate: 2|
               - Bank 2|
               - Rate: 1|
               - Bank 1|
21.45.34 - Rate: 2|
               - Bank 2|
21.45.35 - Rate: 1|
               - Bank 1|
               - Rate: 2|
               - Bank 2|
               - Rate: 3|
               - Bank 3|
21.45.36 - Rate: 2|
               - Bank 2|
               - Rate: 1|
               - Bank 1|
21.45.43 - RX: 2|
               - Model memory matched: Test helicopter|
21.47.27 - Connected to Test helicopter|
               - Minimum logged gap: 50 ms|
               - TX Volts per cell: 7.83|
               - Time since boot: 0 minutes and 4 seconds|
               - Rate: 2|
               - Bank 2|
               - RX: 1|
               - Gap: 138|
               - Rate: 3|
               - Bank 3|
21.47.28 - Rate: 2|
               - Bank 2|
               - Rate: 1|
               - Bank 1|
21.47.30 - Rate: 2|
               - Bank 2|
21.47.31 - Rate: 3|
               - Bank 3|
21.47.32 - Rate: 2|
               - Bank 2|
               - Rate: 1|
               - Bank 1|
21.47.36 - RX: 2|
21.47.39 - Bank 1|
               - RX: 1|
21.47.41 - RX: 2|
21.47.45 - RX: 1|
21.47.47 - Bank 1|
               - RX: 2|
21.47.48 - Bank 2|
21.47.49 - Bank 3|
               - Rate: 2|
21.47.50 - Rate: 3|
               - Rate: 2|
               - Rate: 3|
21.47.51 - Rate: 2|
               - Rate: 1|
21.47.52 - Bank 2|
               - Bank 1|
               - Bank 2|
21.47.53 - Bank 3|
               - Rate: 2|
               - Rate: 3|
21.47.54 - Rate: 2|
               - Rate: 1|
21.47.55 - Bank 2|
               - Bank 1|
21.47.56 - Bank 2|
               - Bank 3|
21.47.57 - Rate: 2|
               - Rate: 3|
               - Rate: 2|
21.47.58 - Rate: 1|
               - Bank 2|
               - Bank 1|
21.48.02 - RX: 1|
21.48.11 - RX: 2|
21.48.12 - Bank 1|
               - RX: 1|
21.48.14 - Rate: 2|
               - Bank 2|
               - Rate: 3|
               - Bank 3|
21.48.15 - Rate: 2|
               - Bank 2|
               - Rate: 1|
               - Bank 1|
               - Model memory matched: Test helicopter|
21.52.45 - Connected to Test helicopter|
               - Minimum logged gap: 50 ms|
               - TX Volts per cell: 7.81|
               - Time since boot: 0 minutes and 4 seconds|
21.52.46 - RX: 2|
21.52.48 - Rate: 2|
               - Bank 2|
21.52.49 - Rate: 3|
               - Bank 3|
21.52.50 - Rate: 2|
               - Bank 2|
               - Rate: 1|
               - Bank 1|
21.52.51 - RX: 1|
21.52.58 - Rate: 2|
               - Bank 2|
21.52.59 - Rate: 3|
               - Bank 3|
21.53.00 - Rate: 1|
               - Bank 1|
21.53.02 - Rate: 3|
               - Bank 3|
21.53.03 - Rate: 2|
               - Bank 2|
21.53.04 - Rate: 1|
               - Bank 1|
21.53.21 - RX: 2|
21.53.22 - Bank 1|
               - RX: 1|
21.53.24 - RX: 2|
21.53.30 - RX: 1|
21.53.35 - Rate: 2|
               - Bank 2|
21.53.36 - Rate: 3|
               - Bank 3|
21.53.37 - Rate: 1|
               - Bank 1|
21.53.47 - RX: 2|
21.53.51 - Bank 1|
               - RX: 1|
21.53.53 - RX: 2|
21.53.59 - Rate: 2|
               - Bank 2|
21.54.00 - Rate: 3|
               - Bank 3|
21.54.01 - Rate: 2|
               - Bank 2|
21.54.02 - Rate: 1|
               - Bank 1|
21.54.13 - RX: 1|
21.54.14 - Bank 1|
21.54.15 - RX: 2|
21.54.17 - RX: 1|
21.54.53 - RX: 2|
21.54.59 - Rate: 2|
21.55.00 - Rate: 3|
21.55.01 - Rate: 2|
               - Rate: 1|
21.55.02 - Rate: 2|
21.55.03 - Rate: 3|
21.55.04 - Rate: 2|
               - Rate: 1|
21.56.22 - Bank 2|
21.56.23 - Bank 1|
21.56.24 - Rate: 2|
               - Rate: 3|
21.56.25 - Rate: 2|
               - Rate: 1|
               - Model memory matched: Test helicopter|
21.58.48 - Connected to Test helicopter|
               - Minimum logged gap: 50 ms|
               - TX Volts per cell: 7.80|
               - Time since boot: 0 minutes and 4 seconds|
               - RX: 2|
21.58.49 - Rate: 2|
21.58.50 - Rate: 3|
               - Rate: 2|
               - Rate: 1|
21.58.52 - RX: 1|
21.58.59 - Rate: 2|
21.59.00 - Rate: 3|
21.59.01 - Rate: 2|
               - Rate: 1|
21.59.02 - Rate: 2|
               - Rate: 3|
21.59.03 - Rate: 2|
               - Rate: 1|
21.59.09 - RX: 2|
21.59.31 - RX: 1|
21.59.32 - Bank 1|
               - RX: 2|
21.59.33 - Bank 2|
21.59.34 - Bank 3|
21.59.35 - Bank 2|
               - Bank 1|
22.01.01 - RX: 1|
22.01.03 - RX: 2|
22.02.27 - Gap: 68 |
               - Model memory matched: Test helicopter|
22.02.28 - Connected to Test helicopter|
               - Minimum logged gap: 50 ms|
               - TX Volts per cell: 7.81|
               - Time since boot: 0 minutes and 4 seconds|
               - RX: 1|
22.02.30 - Bank 2|
22.02.31 - Bank 3|
22.02.32 - Bank 2|
               - Bank 1|
22.02.33 - RX: 2|
22.02.38 - RX: 1|
22.02.39 - Bank 1|
               - RX: 2|
22.02.40 - Rate: 2|
               - Bank 2|
               - Rate: 3|
               - Bank 3|
22.02.41 - Rate: 1|
               - Bank 1|
22.02.43 - RX: 1|
22.03.03 - Rate: 2|
               - Bank 2|
22.03.04 - Rate: 3|
               - Bank 3|
22.03.06 - Rate: 2|
               - Bank 2|
22.03.07 - Rate: 1|
               - Bank 1|
22.03.22 - RX: 2|
22.05.07 - Rate: 2|
               - Model memory matched: Test helicopter|
22.05.08 - Connected to Test helicopter|
               - Minimum logged gap: 50 ms|
               - TX Volts per cell: 7.78|
               - Time since boot: 0 minutes and 4 seconds|
               - Rate: 1|
               - RX: 1|
22.05.09 - Gap: 323|
22.05.15 - RX: 2|
22.05.26 - Rate: 2|
               - RX: 1|
22.05.32 - Rate: 1|
               - Rate: 2|
22.05.33 - Rate: 3|
22.05.34 - Rate: 2|
22.05.35 - Rate: 1|
22.05.36 - Rate: 2|
               - Rate: 3|
22.05.37 - Rate: 2|
               - Rate: 1|
22.05.38 - Rate: 2|
               - Rate: 3|
22.05.39 - Rate: 2|
               - Rate: 1|
               - Model memory matched: Test helicopter|
22.06.33 - Connected to Test helicopter|
               - Minimum logged gap: 50 ms|
               - TX Volts per cell: 7.78|
               - Time since boot: 0 minutes and 4 seconds|
               - RX: 2|
22.06.35 - RX: 1|
22.06.41 - Rate: 2|
               - Rate: 3|
22.06.43 - Rate: 2|
               - Rate: 1|
22.06.45 - Rate: 2|
22.06.48 - Rate: 3|
22.06.49 - Rate: 2|
22.06.50 - Rate: 1|
22.06.52 - Rate: 2|
               - Rate: 3|
22.06.53 - Rate: 2|
               - Rate: 1|
               - Model memory matched: Test helicopter|
22.08.16 - Connected to Test helicopter|
               - Minimum logged gap: 50 ms|
               - TX Volts per cell: 7.78|
               - Time since boot: 0 minutes and 4 seconds|
               - RX: 1|
22.08.17 - Gap: 175|
22.08.20 - RX: 2|
22.08.25 - RX: 1|
22.08.29 - Rate: 2|
               - Bank 2|
22.08.30 - Rate: 3|
               - Bank 3|
22.08.33 - Rate: 2|
               - Bank 2|
22.08.35 - Rate: 1|
               - Bank 1|
22.08.37 - Rate: 2|
               - Bank 2|
22.08.38 - Rate: 3|
               - Bank 3|
22.08.41 - Rate: 2|
               - Bank 2|
22.08.42 - Rate: 1|
               - Bank 1|
22.08.50 - RX: 2|
22.08.55 - Rate: 2|
22.08.57 - Rate: 3|
               - Rate: 2|
22.08.58 - Rate: 1|
22.09.00 - Rate: 2|
               - Rate: 3|
               - Rate: 2|
               - Rate: 1|
22.09.01 - Rate: 2|
22.09.02 - Rate: 3|
22.09.03 - Rate: 2|
               - Rate: 1|
22.09.18 - RX: 1|
22.09.25 - Rate: 2|
               - Bank 2|
22.09.26 - Rate: 3|
               - Bank 3|
22.09.27 - Rate: 2|
               - Bank 2|
22.09.28 - Rate: 1|
               - Bank 1|
22.09.30 - Rate: 2|
               - Bank 2|
22.09.31 - Rate: 1|
               - Bank 1|
22.09.32 - Rate: 2|
               - Bank 2|
22.09.33 - Rate: 3|
               - Bank 3|
22.09.35 - Rate: 2|
               - Bank 2|
22.09.47 - Rate: 3|
               - Bank 3|
22.09.49 - Rate: 2|
               - Bank 2|
22.09.50 - Rate: 1|
               - Bank 1|
22.09.54 - RX: 2|
22.11.11 - Bank 1|
               - RX: 1|
22.12.08 - RX: 2|
22.13.28 - RX: 1|
22.13.30 - Bank 1|
22.13.31 - RX: 2|
22.13.43 - Rate: 2|
               - Bank 2|
22.13.44 - Rate: 1|
               - Bank 1|
22.13.45 - Rate: 2|
               - Bank 2|
               - Rate: 3|
               - Bank 3|
               - Rate: 2|
               - Bank 2|
22.13.46 - Rate: 1|
               - Bank 1|
22.13.47 - Rate: 2|
               - Bank 2|
22.13.48 - Rate: 3|
               - Bank 3|
               - Rate: 2|
               - Bank 2|
               - Rate: 1|
               - Bank 1|
22.13.49 - RX: 1|
22.13.54 - RX: 2|
               - Rate: 2|
22.13.55 - Bank 1|
               - RX: 1|
22.13.56 - Bank 2|
22.13.57 - Bank 3|
22.13.58 - Rate: 1|
22.13.59 - Rate: 2|
               - Rate: 3|
22.14.00 - Rate: 2|
               - Rate: 1|
22.14.01 - Bank 1|
22.14.07 - RX: 2|
22.14.08 - RX: 1|
22.14.10 - RX: 2|
