               - Model memory matched: Black Thunder 2|
21.46.01 - Connected to Black Thunder 2|
               - Minimum logged gap: 50 ms|
               - TX Volts per cell: 7.84|
               - Time since boot: 0 minutes and 7 seconds|
               - Gap: 136|
               - RX: 2|
21.46.27 - 'Stop flying' warning issued!|
               - RX Volts per cell: 2.68|
21.46.31 - Disconnected from Black Thunder 2|
               - Time connected: 0 minutes and 31 seconds|
               - Motor was on for 0 minutes and 0 seconds|
               - Receiver type: TRX:2 PWM:8|
               - Max Current: 0.70 Amps|
               - Max ESC Temp: 22.00 C.|
               - Total mAh used: 3.00 mAh|
               - RX swaps: 0|
               - RX1 use: 0 minutes and 0 seconds|
               - RX2 use: 0 minutes and 29 seconds|
               - Longest gap: 9 ms|
               - Average gap: 5 ms|
               - Average frame rate: 496 fps|
               - Unacknowledged data packets:  12|
               - RX Volts per cell: 2.68|
               - TX Volts per cell: 7.83|
               - Time since boot: 0 minutes and 38 seconds|
               - (End of this flight log.)|
