               - Model memory matched: Black Thunder 2|
10.40.23 - Connected to Black Thunder 2|
               - Minimum logged gap: 50 ms|
               - TX Volts per cell: 4.00|
               - Time since boot: 0 minutes and 21 seconds|
               - RX: 1|
10.40.36 - Disconnected from Black Thunder 2|
               - Time connected: 0 minutes and 14 seconds|
               - Motor was on for 0 minutes and 0 seconds|
               - Receiver type: TRX:2 PWM:8|
               - Max Current: 0.30 Amps|
               - Max ESC Temp: 25.00 C.|
               - RX swaps: 1|
               - RX1 use: 0 minutes and 11 seconds|
               - RX2 use: 0 minutes and 1 seconds|
               - Longest gap: 6 ms|
               - Average gap: 6 ms|
               - Average frame rate: 424 fps|
               - Unacknowledged data packets:  1|
               - RX Volts per cell: 3.84|
               - TX Volts per cell: 3.99|
               - Time since boot: 0 minutes and 35 seconds|
               - (End of this flight log.)|
               - Model memory matched: Black Thunder 2|
10.40.51 - Connected to Black Thunder 2|
               - Minimum logged gap: 50 ms|
               - RX Volts per cell: 3.84|
               - TX Volts per cell: 4.00|
               - Time since boot: 0 minutes and 50 seconds|
10.40.52 - Gap: 190|
               - RX: 2|
10.41.05 - RX: 1|
10.41.16 - Bank 1|
10.41.18 - Bank 2|
10.41.20 - Bank 3|
10.41.23 - Bank 2|
               - Bank 1|
10.41.24 - Bank 2|
10.41.26 - Bank 3|
10.41.34 - Bank 2|
10.41.35 - Bank 1|
10.41.38 - Bank 3|
10.41.51 - Bank 2|
10.41.53 - Bank 1|
10.41.55 - Bank 2|
10.41.56 - Bank 3|
10.42.02 - Bank 2|
               - Bank 1|
10.42.13 - Bank 2|
10.42.14 - Bank 3|
10.42.15 - Bank 2|
               - Bank 1|
10.42.17 - Bank 2|
10.42.18 - Bank 3|
10.42.20 - Bank 1|
10.42.25 - Bank 2|
10.42.26 - Bank 3|
10.42.30 - Bank 2|
               - Bank 1|
10.42.33 - Bank 2|
10.42.34 - Bank 3|
10.42.36 - Bank 1|
10.42.38 - Bank 2|
10.42.40 - Bank 3|
10.42.43 - Bank 1|
10.42.45 - Bank 2|
10.42.46 - Bank 3|
10.42.59 - Bank 4|
10.43.19 - Disconnected from Black Thunder 2|
               - Time connected: 2 minutes and 28 seconds|
               - Motor was on for 0 minutes and 0 seconds|
               - Receiver type: TRX:2 PWM:8|
               - Max Current: 0.70 Amps|
               - Max ESC Temp: 28.00 C.|
               - Total mAh used: 22.00 mAh|
               - RX swaps: 1|
               - RX1 use: 2 minutes and 11 seconds|
               - RX2 use: 0 minutes and 15 seconds|
               - Longest gap: 6 ms|
               - Average gap: 5 ms|
               - Average frame rate: 495 fps|
               - Unacknowledged data packets:  44|
               - RX Volts per cell: 3.79|
               - TX Volts per cell: 3.99|
               - Time since boot: 3 minutes and 18 seconds|
               - (End of this flight log.)|
               - Model memory NOT found: Black Thunder 2|
               - Model memory NOT found: Black Thunder 2|
10.45.23 - Connected to Black Thunder 2|
               - Minimum logged gap: 50 ms|
               - RX Volts per cell: 3.79|
               - TX Volts per cell: 3.99|
               - Time since boot: 5 minutes and 22 seconds|
10.45.45 - Bank 3|
10.45.47 - Bank 2|
               - Bank 1|
10.45.49 - Bank 2|
10.45.51 - Bank 3|
10.45.52 - Bank 4|
10.45.54 - Bank 3|
10.45.56 - Bank 2|
               - Bank 1|
10.46.05 - Bank 2|
10.46.06 - Bank 3|
10.46.16 - Bank 4|
10.46.19 - Bank 3|
10.46.20 - Bank 4|
10.46.23 - Bank 3|
               - Bank 4|
10.46.31 - Bank 3|
10.46.32 - Bank 2|
10.46.33 - Bank 1|
10.46.35 - Bank 2|
               - Bank 3|
10.46.37 - Bank 2|
               - Bank 1|
10.46.38 - Bank 2|
               - Bank 3|
10.46.39 - Bank 4|
10.46.41 - Bank 3|
10.46.42 - Bank 2|
10.46.43 - Bank 1|
10.46.44 - Bank 2|
10.46.45 - Bank 3|
               - Bank 4|
10.46.46 - Bank 3|
               - Bank 2|
               - Bank 1|
10.46.48 - Bank 4|
10.46.49 - Bank 3|
               - Bank 2|
               - Bank 1|
10.46.50 - Bank 2|
10.46.51 - Bank 4|
10.47.06 - Bank 2|
10.47.07 - Bank 1|
10.47.08 - Bank 2|
10.47.09 - Bank 3|
10.47.10 - Bank 4|
10.47.11 - Bank 3|
               - Bank 2|
               - Bank 1|
10.47.12 - Bank 4|
10.47.21 - Disconnected from Black Thunder 2|
               - Time connected: 1 minute and 58 seconds|
               - Motor was on for 0 minutes and 0 seconds|
               - Receiver type: TRX:2 PWM:8|
               - Max Current: 0.70 Amps|
               - Max ESC Temp: 28.00 C.|
               - RX swaps: 5|
               - RX1 use: 2 minutes and 3 seconds|
               - RX2 use: 0 minutes and 4 seconds|
               - Longest gap: 15 ms|
               - Average gap: 5 ms|
               - Average frame rate: 489 fps|
               - Unacknowledged data packets:  135|
               - RX Volts per cell: 3.79|
               - TX Volts per cell: 3.97|
               - Time since boot: 7 minutes and 20 seconds|
               - (End of this flight log.)|
10.47.36 - Connected to Black Thunder 2|
               - Minimum logged gap: 50 ms|
               - RX Volts per cell: 3.79|
               - TX Volts per cell: 3.98|
               - Time since boot: 7 minutes and 35 seconds|
               - RX: 2|
10.47.46 - RX: 1|
10.48.31 - Bank 1|
10.48.55 - Bank 2|
10.49.15 - Bank 3|
10.49.34 - Bank 2|
10.49.36 - Bank 1|
10.49.38 - Bank 2|
10.49.40 - Bank 3|
10.50.00 - Bank 2|
10.50.02 - Bank 3|
10.50.04 - Bank 2|
10.50.05 - Bank 1|
10.50.07 - Bank 2|
10.50.08 - Bank 3|
10.50.10 - Bank 2|
               - Bank 1|
10.50.12 - Bank 2|
10.50.14 - Bank 3|
10.50.26 - Bank 2|
10.50.27 - Bank 3|
10.50.29 - Bank 2|
               - Bank 1|
10.50.30 - Bank 3|
10.50.36 - Bank 2|
10.50.37 - Bank 3|
10.50.59 - 'Stop flying' warning issued!|
               - RX Volts per cell: 2.84|
10.51.04 - Disconnected from Black Thunder 2|
               - Time connected: 3 minutes and 27 seconds|
               - Motor was on for 0 minutes and 0 seconds|
               - Receiver type: TRX:2 PWM:8|
               - Max Current: 1.20 Amps|
               - Max ESC Temp: 31.00 C.|
               - Total mAh used: 62.00 mAh|
               - RX swaps: 1|
               - RX1 use: 3 minutes and 14 seconds|
               - RX2 use: 0 minutes and 11 seconds|
               - Longest gap: 15 ms|
               - Average gap: 7 ms|
               - Average frame rate: 508 fps|
               - Unacknowledged data packets:  415|
               - RX Volts per cell: 2.84|
               - TX Volts per cell: 3.97|
               - Time since boot: 11 minutes and 3 seconds|
               - (End of this flight log.)|
10.51.36 - Connected to Black Thunder 2|
               - Minimum logged gap: 50 ms|
               - RX Volts per cell: 2.84|
               - TX Volts per cell: 3.97|
               - Time since boot: 11 minutes and 35 seconds|
               - RX: 2|
10.51.39 - 'Stop flying' warning issued!|
               - RX Volts per cell: 2.84|
10.51.44 - RX: 1|
10.51.54 - Connected to Black Thunder 2|
               - Minimum logged gap: 50 ms|
               - TX Volts per cell: 3.97|
               - Time since boot: 0 minutes and 3 seconds|
               - RX: 2|
10.51.58 - RX: 1|
10.52.10 - Bank 2|
10.52.12 - Bank 3|
10.52.14 - Bank 2|
10.52.16 - Bank 1|
10.52.25 - Bank 2|
10.52.32 - Bank 1|
10.52.35 - Bank 2|
10.52.44 - Bank 3|
10.52.50 - Bank 2|
10.52.51 - Bank 3|
10.53.00 - Bank 2|
10.53.10 - Bank 1|
10.53.12 - Bank 2|
10.53.26 - Bank 1|
10.53.28 - Bank 2|
10.58.09 - Disconnected from Black Thunder 2|
               - Time connected: 6 minutes and 14 seconds|
               - Motor was on for 0 minutes and 0 seconds|
               - Receiver type: TRX:2 PWM:8|
               - RX swaps: 3|
               - RX1 use: 6 minutes and 13 seconds|
               - RX2 use: 0 minutes and 12 seconds|
               - Longest gap: 0 ms|
               - Average gap: 0 ms|
               - Average frame rate: 495 fps|
               - Unacknowledged data packets:  748|
               - TX Volts per cell: 3.96|
               - Time since boot: 6 minutes and 18 seconds|
               - (End of this flight log.)|
10.58.10 - Connected to Black Thunder 2|
               - Minimum logged gap: 50 ms|
               - TX Volts per cell: 3.96|
               - Time since boot: 6 minutes and 18 seconds|
               - RX: 1|
10.58.46 - Disconnected from Black Thunder 2|
               - Time connected: 0 minutes and 36 seconds|
               - Motor was on for 0 minutes and 0 seconds|
               - Receiver type: TRX:2 PWM:8|
               - RX swaps: 1|
               - RX1 use: 0 minutes and 34 seconds|
               - RX2 use: 0 minutes and 0 seconds|
               - Longest gap: 0 ms|
               - Average gap: 0 ms|
               - Average frame rate: 465 fps|
               - Unacknowledged data packets:  81|
               - TX Volts per cell: 3.96|
               - Time since boot: 6 minutes and 55 seconds|
               - (End of this flight log.)|
               - Connected to Black Thunder 2|
               - Minimum logged gap: 50 ms|
               - TX Volts per cell: 3.96|
               - Time since boot: 6 minutes and 55 seconds|
               - RX: 1|
10.58.53 - Bank 1|
10.58.55 - Bank 2|
11.02.41 - Connected to Black Thunder 2|
               - Minimum logged gap: 50 ms|
               - TX Volts per cell: 3.95|
               - Time since boot: 0 minutes and 3 seconds|
               - RX: 2|
11.04.24 - Disconnected from Black Thunder 2|
               - Time connected: 1 minute and 43 seconds|
               - Motor was on for 0 minutes and 0 seconds|
               - Receiver type: TRX:2 PWM:8|
               - RX swaps: 2|
               - RX1 use: 3 minutes and 46 seconds|
               - RX2 use: 1 minutes and 41 seconds|
               - Longest gap: 15 ms|
               - Average gap: 5 ms|
               - Average frame rate: 494 fps|
               - Unacknowledged data packets:  216|
               - TX Volts per cell: 3.95|
               - Time since boot: 1 minute and 46 seconds|
               - (End of this flight log.)|
               - Connected to Black Thunder 2|
               - Minimum logged gap: 50 ms|
               - TX Volts per cell: 3.95|
               - Time since boot: 1 minute and 47 seconds|
11.04.25 - RX: 2|
11.04.56 - RX: 1|
11.05.11 - Bank 1|
11.05.12 - Bank 2|
11.05.17 - Bank 1|
11.05.19 - Bank 2|
11.05.21 - Bank 1|
11.05.23 - Bank 2|
11.05.39 - Bank 1|
11.05.40 - Bank 2|
11.05.48 - Bank 3|
11.05.49 - Bank 2|
11.05.50 - Bank 1|
11.05.58 - Bank 2|
11.06.01 - Bank 1|
11.06.03 - Bank 2|
11.06.07 - Bank 3|
11.06.11 - Bank 2|
11.06.13 - Bank 1|
11.06.14 - Bank 2|
11.06.17 - Bank 3|
11.06.19 - Bank 2|
               - Bank 1|
11.12.58 - Disconnected from Black Thunder 2|
               - Time connected: 8 minutes and 33 seconds|
               - Motor was on for 0 minutes and 0 seconds|
               - Receiver type: TRX:2 PWM:8|
               - RX swaps: 1|
               - RX1 use: 7 minutes and 58 seconds|
               - RX2 use: 0 minutes and 32 seconds|
               - Longest gap: 7 ms|
               - Average gap: 5 ms|
               - Average frame rate: 496 fps|
               - Unacknowledged data packets:  842|
               - TX Volts per cell: 3.93|
               - Time since boot: 10 minutes and 21 seconds|
               - (End of this flight log.)|
11.12.59 - Connected to Black Thunder 2|
               - Minimum logged gap: 50 ms|
               - TX Volts per cell: 3.93|
               - Time since boot: 10 minutes and 21 seconds|
               - RX: 2|
11.13.13 - Bank 2|
11.13.22 - Bank 1|
11.13.39 - Bank 2|
11.13.41 - Bank 1|
11.13.43 - Bank 2|
11.13.45 - Bank 1|
11.13.48 - Bank 2|
11.14.07 - Disconnected from Black Thunder 2|
               - Time connected: 1 minute and 8 seconds|
               - Motor was on for 0 minutes and 0 seconds|
               - Receiver type: TRX:2 PWM:8|
               - RX swaps: 0|
               - RX1 use: 0 minutes and 0 seconds|
               - RX2 use: 1 minutes and 7 seconds|
               - Longest gap: 0 ms|
               - Average gap: 0 ms|
               - Average frame rate: 484 fps|
               - Unacknowledged data packets:  73|
               - TX Volts per cell: 3.93|
               - Time since boot: 11 minutes and 30 seconds|
               - (End of this flight log.)|
11.14.08 - Connected to Black Thunder 2|
               - Minimum logged gap: 50 ms|
               - TX Volts per cell: 3.93|
               - Time since boot: 11 minutes and 30 seconds|
               - RX: 1|
11.14.09 - Bank 1|
11.14.11 - Bank 2|
11.14.15 - Bank 3|
11.14.21 - Bank 2|
11.14.23 - Bank 3|
11.14.25 - Bank 2|
11.14.27 - Bank 3|
11.14.29 - Bank 2|
11.14.31 - Bank 3|
11.14.42 - Bank 2|
               - Bank 1|
11.14.54 - Bank 2|
11.14.56 - Bank 1|
11.14.58 - Bank 2|
11.14.59 - Bank 1|
11.15.01 - Bank 2|
11.15.03 - Bank 1|
11.15.08 - Bank 2|
11.15.20 - Bank 1|
11.15.30 - Bank 2|
11.15.31 - Bank 1|
11.16.23 - Bank 2|
11.16.25 - Bank 1|
11.16.29 - Bank 2|
11.16.32 - Bank 3|
11.16.35 - Bank 2|
11.16.38 - Bank 1|
11.16.41 - Bank 2|
11.18.10 - Disconnected from Black Thunder 2|
               - Time connected: 4 minutes and 1 second|
               - Motor was on for 0 minutes and 0 seconds|
               - Receiver type: TRX:2 PWM:8|
               - RX swaps: 1|
               - RX1 use: 3 minutes and 59 seconds|
               - RX2 use: 0 minutes and 0 seconds|
               - Longest gap: 0 ms|
               - Average gap: 0 ms|
               - Average frame rate: 492 fps|
               - Unacknowledged data packets:  331|
               - TX Volts per cell: 3.93|
               - Time since boot: 15 minutes and 32 seconds|
               - (End of this flight log.)|
               - Connected to Black Thunder 2|
               - Minimum logged gap: 50 ms|
               - TX Volts per cell: 3.93|
               - Time since boot: 15 minutes and 32 seconds|
               - RX: 2|
11.18.17 - Bank 1|
11.18.28 - Bank 2|
11.18.32 - Bank 1|
11.18.34 - Bank 2|
11.18.35 - Bank 1|
11.18.38 - Bank 2|
11.18.40 - Bank 1|
11.18.41 - Bank 2|
11.18.46 - Bank 1|
11.18.48 - Bank 2|
11.18.50 - Bank 1|
11.18.52 - Bank 2|
11.18.54 - Bank 1|
11.18.56 - Bank 2|
11.19.03 - Bank 1|
11.19.05 - Bank 2|
11.20.19 - Bank 1|
11.20.21 - Bank 2|
11.20.23 - Bank 1|
11.20.24 - Bank 2|
11.20.25 - Bank 3|
11.20.27 - Bank 2|
               - Bank 1|
11.20.30 - Bank 2|
11.20.31 - Bank 1|
11.20.34 - Bank 2|
11.20.35 - Bank 1|
11.20.52 - Bank 2|
11.20.54 - Bank 1|
11.20.55 - Bank 2|
11.21.19 - Bank 3|
11.21.49 - Bank 2|
               - Bank 1|
11.21.51 - Bank 2|
11.21.53 - Bank 3|
11.21.55 - Bank 2|
               - Bank 1|
11.22.07 - Bank 2|
11.22.09 - Bank 3|
11.22.13 - Bank 2|
11.22.14 - Bank 3|
11.22.22 - Bank 2|
11.22.23 - Bank 1|
11.22.26 - Bank 2|
11.22.29 - Bank 3|
11.22.31 - Bank 1|
11.22.36 - Bank 2|
11.22.39 - Bank 3|
11.22.41 - Bank 2|
11.22.42 - Bank 1|
11.22.44 - Bank 3|
11.22.47 - Bank 2|
               - Bank 1|
11.22.49 - Bank 2|
11.22.51 - Bank 3|
11.22.55 - Bank 2|
               - Bank 1|
11.23.27 - Bank 2|
11.23.32 - Bank 1|
11.23.35 - Bank 2|
11.23.36 - Bank 3|
11.23.45 - Bank 2|
11.23.46 - Bank 1|
11.23.53 - Bank 2|
11.23.55 - Bank 3|
11.23.57 - Bank 2|
               - Bank 1|
11.23.59 - Bank 2|
11.24.03 - Bank 3|
11.24.06 - Bank 2|
               - Bank 1|
11.24.48 - Bank 2|
11.25.09 - Bank 3|
11.25.25 - Bank 4|
11.25.33 - Bank 3|
11.25.34 - Bank 2|
11.25.35 - Bank 1|
               - Bank 2|
               - Bank 3|
11.25.50 - Bank 4|
11.26.13 - Bank 1|
11.26.15 - Bank 2|
11.26.18 - Bank 3|
11.26.20 - Bank 4|
11.26.24 - Bank 3|
11.26.25 - Bank 2|
               - Bank 1|
11.26.27 - Bank 2|
11.26.30 - Bank 3|
11.26.33 - Bank 4|
11.26.39 - Bank 3|
11.26.41 - Bank 4|
11.26.43 - Bank 1|
11.26.44 - Bank 2|
11.26.45 - Bank 3|
11.26.47 - Bank 4|
11.26.49 - Bank 1|
11.26.50 - Bank 2|
11.26.51 - Bank 3|
11.26.52 - Bank 4|
11.26.54 - Bank 3|
               - Bank 1|
11.27.24 - Bank 2|
11.27.26 - Bank 3|
11.27.28 - Bank 4|
11.27.29 - Bank 3|
11.27.30 - Bank 2|
               - Bank 1|
11.27.34 - Bank 4|
11.27.36 - Bank 3|
11.27.38 - Bank 2|
11.28.00 - Bank 1|
11.28.52 - Bank 2|
11.28.54 - Bank 1|
11.28.58 - Bank 2|
               - Bank 3|
11.28.59 - Bank 1|
11.29.36 - Bank 2|
11.29.38 - Bank 1|
11.29.52 - Bank 2|
11.29.56 - Bank 1|
11.30.03 - Bank 2|
11.30.05 - Bank 1|
11.30.11 - Bank 2|
11.30.22 - Bank 1|
11.30.28 - Bank 2|
11.30.31 - Bank 1|
11.30.33 - Bank 2|
11.30.35 - Bank 1|
11.30.36 - Bank 2|
11.41.01 - Bank 1|
11.41.06 - Bank 2|
11.41.09 - Bank 1|
11.41.12 - Bank 2|
               - Bank 3|
11.41.13 - Bank 2|
               - Bank 1|
11.41.41 - Bank 2|
11.41.44 - Bank 1|
11.41.46 - Bank 2|
11.41.51 - Bank 1|
11.42.12 - Bank 2|
11.42.13 - Bank 1|
11.48.09 - Disconnected from Black Thunder 2|
               - Time connected: 29 minutes and 58 seconds|
               - Motor was on for 0 minutes and 0 seconds|
               - Receiver type: TRX:2 PWM:8|
               - RX swaps: 0|
               - RX1 use: 0 minutes and 0 seconds|
               - RX2 use: 29 minutes and 47 seconds|
               - Longest gap: 0 ms|
               - Average gap: 0 ms|
               - Average frame rate: 489 fps|
               - Unacknowledged data packets:  4813|
               - TX Volts per cell: 3.88|
               - Time since boot: 45 minutes and 31 seconds|
               - (End of this flight log.)|
11.48.10 - Connected to Black Thunder 2|
               - Minimum logged gap: 50 ms|
               - TX Volts per cell: 3.88|
               - Time since boot: 45 minutes and 32 seconds|
               - RX: 2|
11.48.12 - Bank 4|
11.48.17 - Bank 2|
11.48.23 - Bank 1|
11.48.34 - Bank 2|
11.48.35 - Bank 1|
11.48.36 - Bank 2|
11.48.37 - Bank 1|
11.49.08 - Disconnected from Black Thunder 2|
               - Time connected: 0 minutes and 58 seconds|
               - Motor was on for 0 minutes and 0 seconds|
               - Receiver type: TRX:2 PWM:8|
               - RX swaps: 0|
               - RX1 use: 0 minutes and 0 seconds|
               - RX2 use: 0 minutes and 57 seconds|
               - Longest gap: 0 ms|
               - Average gap: 0 ms|
               - Average frame rate: 482 fps|
               - Unacknowledged data packets:  120|
               - TX Volts per cell: 3.88|
               - Time since boot: 46 minutes and 30 seconds|
               - (End of this flight log.)|
               - Connected to Black Thunder 2|
               - Minimum logged gap: 50 ms|
               - TX Volts per cell: 3.88|
               - Time since boot: 46 minutes and 30 seconds|
11.49.09 - RX: 2|
11.49.11 - Bank 2|
11.49.14 - Bank 1|
11.49.16 - Bank 2|
11.49.20 - Bank 1|
11.49.22 - Bank 2|
11.49.24 - Bank 1|
11.51.23 - Disconnected from Black Thunder 2|
               - Time connected: 2 minutes and 14 seconds|
               - Motor was on for 0 minutes and 0 seconds|
               - Receiver type: TRX:2 PWM:8|
               - RX swaps: 0|
               - RX1 use: 0 minutes and 0 seconds|
               - RX2 use: 2 minutes and 12 seconds|
               - Longest gap: 0 ms|
               - Average gap: 0 ms|
               - Average frame rate: 486 fps|
               - Unacknowledged data packets:  283|
               - TX Volts per cell: 3.88|
               - Time since boot: 48 minutes and 45 seconds|
               - (End of this flight log.)|
               - Connected to Black Thunder 2|
               - Minimum logged gap: 50 ms|
               - TX Volts per cell: 3.88|
               - Time since boot: 48 minutes and 45 seconds|
               - RX: 2|
11.51.28 - Bank 2|
11.51.30 - Bank 1|
11.53.44 - Disconnected from Black Thunder 2|
               - Time connected: 2 minutes and 20 seconds|
               - Motor was on for 0 minutes and 0 seconds|
               - Receiver type: TRX:2 PWM:8|
               - RX swaps: 0|
               - RX1 use: 0 minutes and 0 seconds|
               - RX2 use: 2 minutes and 19 seconds|
               - Longest gap: 0 ms|
               - Average gap: 0 ms|
               - Average frame rate: 493 fps|
               - Unacknowledged data packets:  226|
               - TX Volts per cell: 3.87|
               - Time since boot: 51 minutes and 6 seconds|
               - (End of this flight log.)|
               - Connected to Black Thunder 2|
               - Minimum logged gap: 50 ms|
               - TX Volts per cell: 3.88|
               - Time since boot: 51 minutes and 6 seconds|
               - RX: 2|
11.53.47 - Bank 2|
11.53.49 - Bank 1|
11.54.16 - Disconnected from Black Thunder 2|
               - Time connected: 0 minutes and 31 seconds|
               - Motor was on for 0 minutes and 0 seconds|
               - Receiver type: TRX:2 PWM:8|
               - RX swaps: 0|
               - RX1 use: 0 minutes and 0 seconds|
               - RX2 use: 0 minutes and 30 seconds|
               - Longest gap: 0 ms|
               - Average gap: 0 ms|
               - Average frame rate: 478 fps|
               - Unacknowledged data packets:  37|
               - TX Volts per cell: 3.87|
               - Time since boot: 51 minutes and 38 seconds|
               - (End of this flight log.)|
               - Connected to Black Thunder 2|
               - Minimum logged gap: 50 ms|
               - TX Volts per cell: 3.87|
               - Time since boot: 51 minutes and 38 seconds|
               - RX: 1|
11.54.35 - Disconnected from Black Thunder 2|
               - Time connected: 0 minutes and 18 seconds|
               - Motor was on for 0 minutes and 0 seconds|
               - Receiver type: TRX:2 PWM:8|
               - RX swaps: 1|
               - RX1 use: 0 minutes and 16 seconds|
               - RX2 use: 0 minutes and 0 seconds|
               - Longest gap: 0 ms|
               - Average gap: 0 ms|
               - Average frame rate: 472 fps|
               - Unacknowledged data packets:  30|
               - TX Volts per cell: 3.87|
               - Time since boot: 51 minutes and 57 seconds|
               - (End of this flight log.)|
               - Connected to Black Thunder 2|
               - Minimum logged gap: 50 ms|
               - TX Volts per cell: 3.88|
               - Time since boot: 51 minutes and 57 seconds|
11.54.36 - RX: 2|
11.54.38 - Bank 2|
11.54.41 - Bank 1|
11.56.02 - Disconnected from Black Thunder 2|
               - Time connected: 1 minute and 27 seconds|
               - Motor was on for 0 minutes and 0 seconds|
               - Receiver type: TRX:2 PWM:8|
               - RX swaps: 0|
               - RX1 use: 0 minutes and 0 seconds|
               - RX2 use: 1 minutes and 25 seconds|
               - Longest gap: 0 ms|
               - Average gap: 0 ms|
               - Average frame rate: 494 fps|
               - Unacknowledged data packets:  142|
               - TX Volts per cell: 3.87|
               - Time since boot: 53 minutes and 25 seconds|
               - (End of this flight log.)|
11.56.03 - Connected to Black Thunder 2|
               - Minimum logged gap: 50 ms|
               - TX Volts per cell: 3.87|
               - Time since boot: 53 minutes and 25 seconds|
               - RX: 2|
11.56.13 - Bank 2|
11.56.14 - Bank 3|
11.56.15 - Bank 2|
11.56.17 - Bank 1|
11.56.40 - Disconnected from Black Thunder 2|
               - Time connected: 0 minutes and 37 seconds|
               - Motor was on for 0 minutes and 0 seconds|
               - Receiver type: TRX:2 PWM:8|
               - RX swaps: 0|
               - RX1 use: 0 minutes and 0 seconds|
               - RX2 use: 0 minutes and 35 seconds|
               - Longest gap: 0 ms|
               - Average gap: 0 ms|
               - Average frame rate: 469 fps|
               - Unacknowledged data packets:  58|
               - TX Volts per cell: 3.87|
               - Time since boot: 54 minutes and 2 seconds|
               - (End of this flight log.)|
               - Connected to Black Thunder 2|
               - Minimum logged gap: 50 ms|
               - TX Volts per cell: 3.87|
               - Time since boot: 54 minutes and 2 seconds|
               - RX: 2|
11.56.43 - Bank 2|
11.56.45 - Bank 1|
11.56.46 - Bank 2|
11.56.47 - Bank 3|
11.56.48 - Bank 2|
               - Bank 1|
11.56.49 - Bank 2|
               - Bank 3|
11.56.50 - Bank 2|
               - Bank 1|
11.57.53 - Disconnected from Black Thunder 2|
               - Time connected: 1 minute and 13 seconds|
               - Motor was on for 0 minutes and 0 seconds|
               - Receiver type: TRX:2 PWM:8|
               - RX swaps: 0|
               - RX1 use: 0 minutes and 0 seconds|
               - RX2 use: 1 minutes and 11 seconds|
               - Longest gap: 0 ms|
               - Average gap: 0 ms|
               - Average frame rate: 485 fps|
               - Unacknowledged data packets:  133|
               - TX Volts per cell: 3.87|
               - Time since boot: 55 minutes and 15 seconds|
               - (End of this flight log.)|
11.57.54 - Connected to Black Thunder 2|
               - Minimum logged gap: 50 ms|
               - TX Volts per cell: 3.87|
               - Time since boot: 55 minutes and 16 seconds|
               - RX: 2|
11.57.57 - Bank 2|
11.57.59 - Bank 1|
11.58.00 - Bank 2|
11.58.02 - Bank 1|
11.58.04 - Bank 2|
11.58.06 - Bank 1|
11.58.08 - Bank 2|
11.58.10 - Bank 3|
11.58.12 - Bank 2|
11.58.14 - Bank 1|
11.58.44 - Disconnected from Black Thunder 2|
               - Time connected: 0 minutes and 49 seconds|
               - Motor was on for 0 minutes and 0 seconds|
               - Receiver type: TRX:2 PWM:8|
               - RX swaps: 0|
               - RX1 use: 0 minutes and 0 seconds|
               - RX2 use: 0 minutes and 48 seconds|
               - Longest gap: 0 ms|
               - Average gap: 0 ms|
               - Average frame rate: 483 fps|
               - Unacknowledged data packets:  97|
               - TX Volts per cell: 3.87|
               - Time since boot: 56 minutes and 6 seconds|
               - (End of this flight log.)|
               - Connected to Black Thunder 2|
               - Minimum logged gap: 50 ms|
               - TX Volts per cell: 3.87|
               - Time since boot: 56 minutes and 6 seconds|
               - RX: 2|
11.58.48 - Bank 2|
11.58.50 - Bank 1|
11.58.54 - Bank 2|
11.58.56 - Bank 1|
11.59.14 - Bank 2|
11.59.15 - Bank 1|
12.02.16 - Disconnected from Black Thunder 2|
               - Time connected: 3 minutes and 31 seconds|
               - Motor was on for 0 minutes and 0 seconds|
               - Receiver type: TRX:2 PWM:8|
               - RX swaps: 0|
               - RX1 use: 0 minutes and 0 seconds|
               - RX2 use: 3 minutes and 29 seconds|
               - Longest gap: 0 ms|
               - Average gap: 0 ms|
               - Average frame rate: 488 fps|
               - Unacknowledged data packets:  540|
               - TX Volts per cell: 3.87|
               - Time since boot: 59 minutes and 38 seconds|
               - (End of this flight log.)|
12.02.41 - Connected to Black Thunder 2|
               - Minimum logged gap: 50 ms|
               - TX Volts per cell: 3.87|
               - Time since boot: 60 minutes and 3 seconds|
               - RX: 2|
12.02.51 - Bank 2|
12.02.57 - Bank 3|
12.03.01 - Bank 2|
12.03.05 - Bank 1|
12.03.09 - Bank 2|
12.03.10 - Bank 3|
12.03.16 - Bank 1|
12.04.23 - Bank 2|
12.04.43 - Bank 1|
12.04.44 - Bank 2|
12.04.47 - Bank 1|
12.04.49 - Bank 2|
12.04.50 - Bank 3|
12.05.14 - Disconnected from Black Thunder 2|
               - Time connected: 2 minutes and 33 seconds|
               - Motor was on for 0 minutes and 0 seconds|
               - Receiver type: TRX:2 PWM:8|
               - Max Current: 0.60 Amps|
               - Max ESC Temp: 26.00 C.|
               - Total mAh used: 18.00 mAh|
               - RX swaps: 0|
               - RX1 use: 0 minutes and 0 seconds|
               - RX2 use: 2 minutes and 32 seconds|
               - Longest gap: 0 ms|
               - Average gap: 0 ms|
               - Average frame rate: 495 fps|
               - Unacknowledged data packets:  154|
               - RX Volts per cell: 3.84|
               - TX Volts per cell: 3.86|
               - Time since boot: 62 minutes and 36 seconds|
               - (End of this flight log.)|
12.05.15 - Connected to Black Thunder 2|
               - Minimum logged gap: 50 ms|
               - RX Volts per cell: 3.84|
               - TX Volts per cell: 3.86|
               - Time since boot: 62 minutes and 37 seconds|
               - RX: 2|
12.05.30 - Bank 2|
12.05.31 - Bank 3|
12.05.41 - Bank 2|
12.05.43 - Bank 3|
12.05.44 - Bank 2|
12.05.46 - Bank 1|
12.06.04 - Bank 2|
12.06.05 - Bank 3|
12.06.12 - Bank 2|
12.06.14 - Bank 1|
12.06.34 - Bank 2|
12.06.36 - Bank 3|
12.06.46 - Bank 2|
               - Bank 1|
12.07.09 - Bank 2|
               - Bank 3|
12.07.14 - Bank 2|
               - Bank 1|
12.07.36 - Bank 2|
12.07.38 - Bank 3|
12.07.40 - Bank 2|
               - Bank 1|
12.07.41 - Bank 2|
12.07.42 - Bank 3|
12.07.44 - Bank 2|
               - Bank 1|
12.07.46 - Bank 2|
               - Bank 3|
12.07.47 - Bank 2|
               - Bank 1|
12.07.48 - Bank 2|
12.07.49 - Bank 3|
12.07.50 - Bank 1|
12.08.17 - 'Stop flying' warning issued!|
               - RX Volts per cell: 2.82|
12.08.22 - Disconnected from Black Thunder 2|
               - Time connected: 3 minutes and 6 seconds|
               - Motor was on for 0 minutes and 0 seconds|
               - Receiver type: TRX:2 PWM:8|
               - Max Current: 0.70 Amps|
               - Max ESC Temp: 29.00 C.|
               - Total mAh used: 50.00 mAh|
               - RX swaps: 0|
               - RX1 use: 0 minutes and 0 seconds|
               - RX2 use: 3 minutes and 5 seconds|
               - Longest gap: 0 ms|
               - Average gap: 0 ms|
               - Average frame rate: 502 fps|
               - Unacknowledged data packets:  264|
               - RX Volts per cell: 2.82|
               - TX Volts per cell: 3.86|
               - Time since boot: 65 minutes and 44 seconds|
               - (End of this flight log.)|
12.10.13 - Gap: 913|
               - Connected to Black Thunder 2|
               - Minimum logged gap: 50 ms|
               - TX Volts per cell: 3.86|
               - Time since boot: 0 minutes and 6 seconds|
               - RX: 2|
12.10.29 - RX: 1|
12.10.37 - Bank 1|
12.10.40 - Bank 2|
12.10.42 - Bank 3|
12.10.44 - Bank 2|
12.10.45 - Bank 1|
12.10.49 - Bank 2|
12.10.51 - Bank 3|
12.10.54 - Bank 2|
               - Bank 1|
12.10.56 - Bank 2|
12.10.57 - Bank 3|
12.11.02 - Bank 2|
12.11.04 - Bank 1|
12.11.06 - Bank 3|
12.11.10 - Bank 4|
12.11.11 - Bank 3|
12.11.12 - Bank 2|
               - Bank 1|
12.11.18 - Bank 2|
12.11.20 - Bank 3|
12.11.21 - Bank 2|
               - Bank 1|
12.11.27 - Bank 2|
12.11.29 - Bank 3|
12.11.32 - Bank 2|
               - Bank 1|
12.11.37 - Bank 2|
12.11.38 - Bank 3|
12.11.40 - Bank 2|
               - Bank 1|
12.11.42 - Bank 2|
               - Bank 3|
               - Bank 2|
               - Bank 1|
12.58.10 - Gap: 840|
               - Connected to Black Thunder 2|
               - Minimum logged gap: 50 ms|
               - TX Volts per cell: 3.87|
               - Time since boot: 0 minutes and 5 seconds|
               - RX: 2|
12.58.38 - Disconnected from Black Thunder 2|
               - Time connected: 0 minutes and 27 seconds|
               - Motor was on for 0 minutes and 0 seconds|
               - Receiver type: TRX:2 PWM:8|
               - Max Current: 1.20 Amps|
               - Max ESC Temp: 24.00 C.|
               - Total mAh used: 6.00 mAh|
               - RX swaps: 0|
               - RX1 use: 0 minutes and 0 seconds|
               - RX2 use: 0 minutes and 26 seconds|
               - Longest gap: 0 ms|
               - Average gap: 0 ms|
               - Average frame rate: 489 fps|
               - Unacknowledged data packets:  0|
               - RX Volts per cell: 3.79|
               - TX Volts per cell: 3.87|
               - Time since boot: 0 minutes and 33 seconds|
               - (End of this flight log.)|
12.58.44 - Connected to Black Thunder 2|
               - Minimum logged gap: 50 ms|
               - RX Volts per cell: 3.79|
               - TX Volts per cell: 3.87|
               - Time since boot: 0 minutes and 39 seconds|
               - RX: 2|
12.58.59 - RX: 1|
12.59.15 - Bank 2|
12.59.16 - Bank 3|
12.59.18 - Bank 2|
12.59.19 - Bank 1|
12.59.21 - Bank 2|
12.59.27 - Bank 3|
12.59.28 - Bank 2|
12.59.29 - Bank 1|
12.59.35 - Bank 2|
12.59.36 - Bank 3|
12.59.41 - Bank 2|
               - Bank 1|
12.59.55 - Bank 2|
12.59.56 - Bank 3|
12.59.58 - Bank 2|
13.00.00 - Bank 1|
13.00.10 - Bank 2|
13.00.12 - Bank 1|
13.00.21 - Bank 2|
13.00.24 - Bank 1|
13.00.26 - Bank 3|
13.00.27 - Bank 2|
               - Bank 1|
13.00.30 - Bank 4|
13.00.34 - RX: 2|
13.04.02 - Connected to Black Thunder 2|
               - Minimum logged gap: 50 ms|
               - TX Volts per cell: 3.87|
               - Time since boot: 0 minutes and 3 seconds|
               - RX: 2|
13.04.10 - RX: 1|
13.04.20 - Bank 2|
13.04.24 - Bank 1|
13.04.27 - Bank 2|
13.04.29 - Bank 3|
13.04.33 - Bank 2|
               - Bank 1|
13.04.46 - Bank 2|
13.04.50 - Bank 1|
13.04.57 - Bank 2|
13.05.38 - Bank 1|
13.05.45 - Bank 2|
13.05.48 - Bank 3|
13.06.00 - Bank 4|
13.06.13 - Bank 3|
13.06.15 - Bank 2|
13.06.16 - Bank 1|
13.06.20 - Bank 2|
13.06.21 - Bank 3|
13.06.22 - Bank 2|
               - Bank 1|
13.06.27 - Bank 2|
13.06.29 - Bank 3|
13.06.30 - Bank 2|
13.06.31 - Bank 1|
13.06.32 - Bank 3|
13.06.35 - Bank 2|
13.06.36 - Bank 1|
13.06.38 - Bank 2|
13.06.40 - Bank 3|
13.06.43 - Bank 2|
               - Bank 1|
13.06.52 - Bank 2|
               - Bank 3|
13.06.56 - Bank 2|
               - Bank 1|
13.06.59 - Bank 2|
13.09.15 - Connected to Black Thunder 2|
               - Minimum logged gap: 50 ms|
               - TX Volts per cell: 3.85|
               - Time since boot: 0 minutes and 3 seconds|
               - RX: 2|
13.09.17 - RX: 1|
13.09.23 - Bank 1|
13.09.26 - Bank 2|
13.09.28 - Bank 3|
13.09.30 - Bank 2|
13.09.40 - Bank 3|
13.09.41 - Bank 2|
13.09.42 - Bank 1|
13.09.44 - Bank 2|
13.09.46 - Bank 1|
13.10.20 - Connected to Black Thunder 2|
               - Minimum logged gap: 50 ms|
               - TX Volts per cell: 3.84|
               - Time since boot: 0 minutes and 3 seconds|
13.10.21 - RX: 2|
13.10.22 - RX: 1|
13.10.28 - Bank 2|
13.10.30 - Bank 1|
13.10.31 - Bank 3|
13.10.36 - Bank 2|
13.10.39 - Bank 1|
13.10.42 - Bank 2|
13.11.07 - Connected to Black Thunder 2|
               - Minimum logged gap: 50 ms|
               - TX Volts per cell: 3.85|
               - Time since boot: 0 minutes and 3 seconds|
               - RX: 2|
13.11.10 - RX: 1|
13.11.12 - RX: 2|
13.11.16 - Bank 3|
13.11.18 - Bank 2|
13.11.40 - Connected to Black Thunder 2|
               - Minimum logged gap: 50 ms|
               - TX Volts per cell: 3.84|
               - Time since boot: 0 minutes and 3 seconds|
               - RX: 1|
13.11.41 - RX: 2|
13.11.46 - Bank 1|
13.11.49 - Bank 3|
13.11.53 - Bank 4|
13.11.55 - Bank 3|
13.12.11 - Bank 2|
13.12.14 - Bank 3|
13.12.36 - Connected to Black Thunder 2|
               - Minimum logged gap: 50 ms|
               - TX Volts per cell: 3.84|
               - Time since boot: 0 minutes and 3 seconds|
               - RX: 2|
13.12.39 - RX: 1|
13.12.46 - Bank 2|
13.16.10 - Connected to Black Thunder 2|
               - Minimum logged gap: 50 ms|
               - TX Volts per cell: 3.83|
               - Time since boot: 0 minutes and 3 seconds|
               - RX: 2|
13.17.02 - Connected to Black Thunder 2|
               - Minimum logged gap: 50 ms|
               - TX Volts per cell: 3.83|
               - Time since boot: 0 minutes and 3 seconds|
               - RX: 1|
13.17.03 - RX: 2|
13.18.27 - Connected to Black Thunder 2|
               - Minimum logged gap: 50 ms|
               - TX Volts per cell: 3.83|
               - Time since boot: 0 minutes and 3 seconds|
               - RX: 1|
13.18.28 - RX: 2|
13.19.38 - Connected to Black Thunder 2|
               - Minimum logged gap: 50 ms|
               - TX Volts per cell: 3.83|
               - Time since boot: 0 minutes and 3 seconds|
               - RX: 2|
13.19.41 - RX: 1|
13.22.46 - Connected to Black Thunder 2|
               - Minimum logged gap: 50 ms|
               - TX Volts per cell: 3.83|
               - Time since boot: 0 minutes and 3 seconds|
13.22.47 - RX: 1|
13.23.07 - Bank 2|
13.23.12 - RX: 2|
13.23.31 - RX: 1|
13.46.18 - Connected to Black Thunder 2|
               - Minimum logged gap: 50 ms|
               - TX Volts per cell: 3.84|
               - Time since boot: 0 minutes and 3 seconds|
13.46.19 - RX: 1|
13.46.24 - RX: 2|
13.46.26 - RX: 1|
13.46.34 - Profile 2 (Bank 2)|
               - Safety Off|
               - Motor On |
13.46.35 - Profile 1 (Bank 1)|
13.47.34 - Motor running for 1 minute|
13.47.46 - Profile 4 (Bank 4)|
13.47.58 - RX: 2|
13.48.17 - Profile 4 (Bank 4)|
13.48.18 - RX: 1|
13.48.24 - Profile 1 (Bank 1)|
13.48.25 - Profile 4 (Bank 4)|
13.48.26 - Profile 1 (Bank 1)|
13.48.28 - Profile 4 (Bank 4)|
               - Motor Off|
13.48.35 - Safety On |
13.48.36 - Safety Off|
13.48.37 - Motor On |
               - Profile 3 (Bank 3)|
13.48.40 - RX: 2|
13.48.44 - Motor running for 2 minutes|
               - Profile 4 (Bank 4)|
13.48.46 - Motor Off|
13.48.47 - Safety On |
13.48.50 - Profile 4 (Bank 4)|
13.48.51 - RX: 1|
16.16.36 - Connected to neXt Simulator|
               - Minimum logged gap: 50 ms|
               - TX Volts per cell: 4.05|
               - Time since boot: 0 minutes and 3 seconds|
               - RX: 1|
               - RX: 2|
16.41.53 - Connected to neXt Simulator|
               - Minimum logged gap: 50 ms|
               - TX Volts per cell: 4.04|
               - Time since boot: 0 minutes and 3 seconds|
               - RX: 1|
16.41.57 - RX: 2|
16.42.11 - Profile 1 (Bank 1)|
16.42.13 - Profile 2 (Bank 2)|
16.42.14 - Profile 3 (Bank 3)|
16.42.16 - Profile 2 (Bank 2)|
               - Profile 1 (Bank 1)|
16.42.18 - Profile 2 (Bank 2)|
16.42.19 - Profile 3 (Bank 3)|
16.42.20 - Profile 4 (Bank 4)|
16.42.24 - Profile 3 (Bank 3)|
16.42.25 - Profile 2 (Bank 2)|
               - Profile 1 (Bank 1)|
16.42.42 - Profile 2 (Bank 2)|
16.42.43 - Profile 3 (Bank 3)|
16.42.45 - Profile 2 (Bank 2)|
               - Profile 1 (Bank 1)|
16.43.23 - RX: 1|
16.47.22 - Connected to neXt Simulator|
               - Minimum logged gap: 50 ms|
               - TX Volts per cell: 4.05|
               - Time since boot: 0 minutes and 3 seconds|
               - RX: 1|
16.47.26 - RX: 2|
16.47.38 - Profile 1 (Bank 1)|
16.47.39 - RX: 1|
16.48.18 - RX: 2|
16.50.29 - RX: 2|
16.50.38 - RX: 1|
16.50.40 - RX: 2|
16.50.47 - RX: 1|
17.28.45 - Connected to neXt Simulator|
               - Minimum logged gap: 50 ms|
               - TX Volts per cell: 4.04|
               - Time since boot: 0 minutes and 3 seconds|
               - RX: 2|
               - Gap: 85 |
17.28.47 - Gap: 75 |
               - RX: 1|
17.28.50 - Gap: 57 |
17.29.16 - Gap: 52 |
17.29.30 - RX: 2|
17.29.32 - RX: 1|
17.29.38 - Gap: 85 |
               - Gap: 84 |
17.30.08 - Connected to Black Thunder 2|
               - Minimum logged gap: 50 ms|
               - TX Volts per cell: 4.03|
               - Time since boot: 1 minute and 26 seconds|
               - Disconnected from Black Thunder 2|
               - Time connected: 0 minutes and 0 second|
               - Motor was on for 0 minutes and 0 seconds|
               - Receiver type: TRX:2 PWM:8|
               - RX swaps: 15|
               - RX1 use: 2 minutes and 47 seconds|
               - RX2 use: 3 minutes and 24 seconds|
               - Longest gap: 85 ms|
               - Average gap: 9 ms|
               - Average frame rate: 402 fps|
               - Unacknowledged data packets:  2065|
               - TX Volts per cell: 4.03|
               - Time since boot: 1 minute and 27 seconds|
               - (End of this flight log.)|
17.30.16 - Gap: 308|
               - Connected to Black Thunder 2|
               - Minimum logged gap: 50 ms|
               - TX Volts per cell: 4.03|
               - Time since boot: 1 minute and 34 seconds|
               - Gap: 84 |
               - RX: 1|
               - Gap: 68 |
17.30.23 - Connected to Black Thunder 2|
               - Minimum logged gap: 50 ms|
               - TX Volts per cell: 4.03|
               - Time since boot: 1 minute and 41 seconds|
               - Disconnected from Black Thunder 2|
               - Time connected: 0 minutes and 0 second|
               - Motor was on for 0 minutes and 0 seconds|
               - Receiver type: TRX:2 PWM:8|
               - RX swaps: 15|
               - RX1 use: 2 minutes and 55 seconds|
               - RX2 use: 3 minutes and 24 seconds|
               - Longest gap: 15 ms|
               - Average gap: 7 ms|
               - Average frame rate: 438 fps|
               - Unacknowledged data packets:  32|
               - TX Volts per cell: 4.03|
               - Time since boot: 1 minute and 42 seconds|
               - (End of this flight log.)|
17.31.04 - Gap: 487|
17.31.15 - Gap: 132|
17.31.18 - Gap: 255|
17.31.41 - Gap: 330|
