               - Model memory matched: Test helicopter|
09.22.25 - Connected to Test helicopter|
               - Minimum logged gap: 50 ms|
               - TX Volts per cell: 4.06|
               - Time since boot: 0 minutes and 4 seconds|
               - RX: 2|
               - Gap: 105|
09.22.29 - RX: 1|
09.22.30 - RX: 2|
               - Model memory matched: Test helicopter|
11.48.43 - Connected to Test helicopter|
               - Minimum logged gap: 50 ms|
               - TX Volts per cell: 4.11|
               - Time since boot: 0 minutes and 4 seconds|
               - RX: 1|
11.48.46 - RX: 2|
11.49.26 - Bank 2|
11.49.28 - Bank 1|
11.49.48 - Gap: 112|
11.49.49 - Gap: 109|
11.49.50 - Gap: 103|
11.49.53 - RX: 1|
11.49.58 - Bank 2|
11.49.59 - Bank 1|
11.50.21 - Bank 2|
               - Bank 3|
11.50.22 - Bank 1|
11.50.48 - RX: 2|
11.50.50 - Bank 1|
               - RX: 1|
11.50.51 - RX: 2|
11.50.53 - RX: 1|
11.50.55 - RX: 2|
               - Model memory matched: Test helicopter|
11.59.26 - Connected to Test helicopter|
               - Minimum logged gap: 50 ms|
               - TX Volts per cell: 4.10|
               - Time since boot: 0 minutes and 4 seconds|
               - Gap: 174|
               - Gap: 174|
               - RX: 1|
11.59.28 - RX: 2|
11.59.48 - RX: 1|
11.59.50 - RX: 2|
               - Model memory matched: Test helicopter|
16.16.52 - Connected to Test helicopter|
               - Minimum logged gap: 50 ms|
               - TX Volts per cell: 4.10|
               - Time since boot: 0 minutes and 4 seconds|
16.16.53 - Gap: 173|
               - RX: 2|
16.16.55 - RX: 1|
16.16.56 - RX: 2|
               - Model memory matched: Test helicopter|
16.18.12 - Connected to Test helicopter|
               - Minimum logged gap: 50 ms|
               - TX Volts per cell: 4.09|
               - Time since boot: 0 minutes and 4 seconds|
               - RX: 2|
               - Model memory matched: Test helicopter|
16.18.24 - Connected to Test helicopter|
               - Minimum logged gap: 50 ms|
               - TX Volts per cell: 4.09|
               - Time since boot: 0 minutes and 4 seconds|
               - RX: 2|
16.18.26 - RX: 1|
16.18.31 - Bank 2|
16.18.32 - Bank 3|
16.18.33 - Bank 2|
               - Bank 1|
16.18.35 - Bank 2|
16.18.36 - Bank 3|
16.18.41 - Bank 2|
               - Bank 1|
16.18.42 - Bank 2|
               - Bank 3|
16.18.43 - Bank 2|
               - Bank 1|
               - Model memory matched: Test helicopter|
16.26.53 - Connected to Test helicopter|
               - Minimum logged gap: 50 ms|
               - TX Volts per cell: 4.07|
               - Time since boot: 0 minutes and 4 seconds|
               - RX: 1|
16.27.01 - RX: 2|
               - Model memory matched: Test helicopter|
16.28.40 - Connected to Test helicopter|
               - Minimum logged gap: 50 ms|
               - TX Volts per cell: 4.07|
               - Time since boot: 0 minutes and 4 seconds|
               - Gap: 114|
               - RX: 1|
16.28.44 - RX: 2|
               - Model memory matched: Test helicopter|
16.29.16 - Connected to Test helicopter|
               - Minimum logged gap: 50 ms|
               - TX Volts per cell: 4.07|
               - Time since boot: 0 minutes and 4 seconds|
16.29.17 - RX: 2|
               - Gap: 138|
16.29.19 - RX: 1|
               - Model memory matched: Test helicopter|
16.31.38 - Connected to Test helicopter|
               - Minimum logged gap: 50 ms|
               - TX Volts per cell: 4.06|
               - Time since boot: 0 minutes and 4 seconds|
               - RX: 2|
               - Gap: 174|
               - Gap: 175|
16.31.40 - RX: 1|
               - Model memory matched: Test helicopter|
16.33.17 - Connected to Test helicopter|
               - Minimum logged gap: 50 ms|
               - TX Volts per cell: 4.07|
               - Time since boot: 0 minutes and 4 seconds|
16.33.18 - Gap: 171|
               - RX: 1|
               - Gap: 103|
16.33.19 - RX: 2|
16.33.22 - RX: 1|
16.34.02 - Bank 2|
               - Bank 3|
16.34.03 - Bank 2|
               - Bank 1|
               - Model memory matched: Test helicopter|
16.38.00 - Connected to Test helicopter|
               - Minimum logged gap: 50 ms|
               - TX Volts per cell: 4.06|
               - Time since boot: 0 minutes and 4 seconds|
               - Gap: 173|
16.38.01 - Gap: 199|
               - RX: 2|
16.38.02 - RX: 1|
16.38.07 - Bank 2|
               - Bank 3|
16.38.08 - Bank 4|
16.38.09 - Bank 1|
16.38.10 - Bank 2|
               - Bank 3|
               - Bank 4|
16.38.11 - Bank 1|
16.38.12 - Bank 2|
16.38.13 - Bank 3|
16.38.14 - Bank 2|
               - Bank 1|
16.38.15 - Bank 2|
               - Bank 3|
               - Bank 2|
16.38.16 - Bank 1|
16.38.44 - Disconnected from Test helicopter|
               - Time connected: 0 minutes and 44 seconds|
               - Motor was on for 0 minutes and 0 seconds|
               - Receiver type: TRX:2 PWM:8|
               - RX swaps: 33|
               - RX1 use: 18 minutes and 27 seconds|
               - RX2 use: 4 minutes and 0 seconds|
               - Longest gap: 15 ms|
               - Average gap: 6 ms|
               - Average frame rate: 491 fps|
               - Unacknowledged data packets:  42|
               - TX Volts per cell: 4.06|
               - Time since boot: 0 minutes and 48 seconds|
               - (End of this flight log.)|
